Using pre-set license
Built from '2022.3/staging' branch; Version is '2022.3.13f1 (5f90a5ebde0f) revision 6262949'; Using compiler version '192829333'; Build Type 'Release'
OS: 'Windows 11  (10.0.22631) 64bit Education' Language: 'fi' Physical Memory: 16105 MB
BatchMode: 1, IsHumanControllingUs: 0, StartBugReporterOnCrash: 0, Is64bit: 1, IsPro: 1

COMMAND LINE ARGUMENTS:
C:\Program Files\Unity\Hub\Editor\2022.3.13f1\Editor\Unity.exe
-adb2
-batchMode
-noUpm
-name
AssetImportWorker1
-projectPath
C:/Users/matias.myllymaki/Documents/TopDownActionShooter/taitaja25SF
-logFile
Logs/AssetImportWorker1.log
-srvPort
58881
Successfully changed project path to: C:/Users/matias.myllymaki/Documents/TopDownActionShooter/taitaja25SF
C:/Users/matias.myllymaki/Documents/TopDownActionShooter/taitaja25SF
[UnityMemory] Configuration Parameters - Can be set up in boot.config
    "memorysetup-bucket-allocator-granularity=16"
    "memorysetup-bucket-allocator-bucket-count=8"
    "memorysetup-bucket-allocator-block-size=33554432"
    "memorysetup-bucket-allocator-block-count=8"
    "memorysetup-main-allocator-block-size=16777216"
    "memorysetup-thread-allocator-block-size=16777216"
    "memorysetup-gfx-main-allocator-block-size=16777216"
    "memorysetup-gfx-thread-allocator-block-size=16777216"
    "memorysetup-cache-allocator-block-size=4194304"
    "memorysetup-typetree-allocator-block-size=2097152"
    "memorysetup-profiler-bucket-allocator-granularity=16"
    "memorysetup-profiler-bucket-allocator-bucket-count=8"
    "memorysetup-profiler-bucket-allocator-block-size=33554432"
    "memorysetup-profiler-bucket-allocator-block-count=8"
    "memorysetup-profiler-allocator-block-size=16777216"
    "memorysetup-profiler-editor-allocator-block-size=1048576"
    "memorysetup-temp-allocator-size-main=16777216"
    "memorysetup-job-temp-allocator-block-size=2097152"
    "memorysetup-job-temp-allocator-block-size-background=1048576"
    "memorysetup-job-temp-allocator-reduction-small-platforms=262144"
    "memorysetup-allocator-temp-initial-block-size-main=262144"
    "memorysetup-allocator-temp-initial-block-size-worker=262144"
    "memorysetup-temp-allocator-size-background-worker=32768"
    "memorysetup-temp-allocator-size-job-worker=262144"
    "memorysetup-temp-allocator-size-preload-manager=33554432"
    "memorysetup-temp-allocator-size-nav-mesh-worker=65536"
    "memorysetup-temp-allocator-size-audio-worker=65536"
    "memorysetup-temp-allocator-size-cloud-worker=32768"
    "memorysetup-temp-allocator-size-gi-baking-worker=262144"
    "memorysetup-temp-allocator-size-gfx=262144"
Player connection [17176] Host "[IP] 10.146.201.2 [Port] 0 [Flags] 2 [Guid] 360344045 [EditorId] 360344045 [Version] 1048832 [Id] WindowsEditor(7,HERS4045AIO09) [Debug] 1 [PackageName] WindowsEditor [ProjectName] Editor" joined multi-casting on [225.0.0.222:54997]...

Player connection [17176] Host "[IP] 10.146.201.2 [Port] 0 [Flags] 2 [Guid] 360344045 [EditorId] 360344045 [Version] 1048832 [Id] WindowsEditor(7,HERS4045AIO09) [Debug] 1 [PackageName] WindowsEditor [ProjectName] Editor" joined alternative multi-casting on [225.0.0.222:34997]...

[Physics::Module] Initialized MultithreadedJobDispatcher with 11 workers.
Refreshing native plugins compatible for Editor in 29.35 ms, found 4 plugins.
Preloading 0 native plugins for Editor in 0.00 ms.
Initialize engine version: 2022.3.13f1 (5f90a5ebde0f)
[Subsystems] Discovering subsystems at path C:/Program Files/Unity/Hub/Editor/2022.3.13f1/Editor/Data/Resources/UnitySubsystems
[Subsystems] Discovering subsystems at path C:/Users/matias.myllymaki/Documents/TopDownActionShooter/taitaja25SF/Assets
GfxDevice: creating device client; threaded=0; jobified=0
Direct3D:
    Version:  Direct3D 11.0 [level 11.1]
    Renderer: Intel(R) UHD Graphics 630 (ID=0x9bc8)
    Vendor:   Intel
    VRAM:     8052 MB
    Driver:   30.0.101.1692
Initialize mono
Mono path[0] = 'C:/Program Files/Unity/Hub/Editor/2022.3.13f1/Editor/Data/Managed'
Mono path[1] = 'C:/Program Files/Unity/Hub/Editor/2022.3.13f1/Editor/Data/MonoBleedingEdge/lib/mono/unityjit-win32'
Mono config path = 'C:/Program Files/Unity/Hub/Editor/2022.3.13f1/Editor/Data/MonoBleedingEdge/etc'
Using monoOptions --debugger-agent=transport=dt_socket,embedding=1,server=y,suspend=n,address=127.0.0.1:56968
Begin MonoManager ReloadAssembly
Registering precompiled unity dll's ...
Register platform support module: C:/Program Files/Unity/Hub/Editor/2022.3.13f1/Editor/Data/PlaybackEngines/WebGLSupport/UnityEditor.WebGL.Extensions.dll
Register platform support module: C:/Program Files/Unity/Hub/Editor/2022.3.13f1/Editor/Data/PlaybackEngines/AndroidPlayer/UnityEditor.Android.Extensions.dll
Register platform support module: C:/Program Files/Unity/Hub/Editor/2022.3.13f1/Editor/Data/PlaybackEngines/WindowsStandaloneSupport/UnityEditor.WindowsStandalone.Extensions.dll
Registered in 0.011528 seconds.
- Loaded All Assemblies, in  0.519 seconds
Native extension for WindowsStandalone target not found
Native extension for Android target not found
Android Extension - Scanning For ADB Devices 576 ms
Native extension for WebGL target not found
Mono: successfully reloaded assembly
- Finished resetting the current domain, in  1.126 seconds
Domain Reload Profiling: 1642ms
	BeginReloadAssembly (175ms)
		ExecutionOrderSort (0ms)
		DisableScriptedObjects (0ms)
		BackupInstance (0ms)
		ReleaseScriptingObjects (0ms)
		CreateAndSetChildDomain (1ms)
	RebuildCommonClasses (43ms)
	RebuildNativeTypeToScriptingClass (11ms)
	initialDomainReloadingComplete (75ms)
	LoadAllAssembliesAndSetupDomain (211ms)
		LoadAssemblies (174ms)
		RebuildTransferFunctionScriptingTraits (0ms)
		AnalyzeDomain (207ms)
			TypeCache.Refresh (206ms)
				TypeCache.ScanAssembly (189ms)
			ScanForSourceGeneratedMonoScriptInfo (0ms)
			ResolveRequiredComponents (0ms)
	FinalizeReload (1127ms)
		ReleaseScriptCaches (0ms)
		RebuildScriptCaches (0ms)
		SetupLoadedEditorAssemblies (1045ms)
			LogAssemblyErrors (0ms)
			InitializePlatformSupportModulesInManaged (752ms)
			SetLoadedEditorAssemblies (6ms)
			RefreshPlugins (0ms)
			BeforeProcessingInitializeOnLoad (3ms)
			ProcessInitializeOnLoadAttributes (197ms)
			ProcessInitializeOnLoadMethodAttributes (86ms)
			AfterProcessingInitializeOnLoad (0ms)
			EditorAssembliesLoaded (0ms)
		ExecutionOrderSort2 (0ms)
		AwakeInstancesAfterBackupRestoration (0ms)
========================================================================
Worker process is ready to serve import requests
Begin MonoManager ReloadAssembly
- Loaded All Assemblies, in  1.523 seconds
Refreshing native plugins compatible for Editor in 9.18 ms, found 4 plugins.
Native extension for WindowsStandalone target not found
Native extension for Android target not found
Native extension for WebGL target not found
Mono: successfully reloaded assembly
- Finished resetting the current domain, in  1.564 seconds
Domain Reload Profiling: 3079ms
	BeginReloadAssembly (315ms)
		ExecutionOrderSort (0ms)
		DisableScriptedObjects (11ms)
		BackupInstance (0ms)
		ReleaseScriptingObjects (1ms)
		CreateAndSetChildDomain (41ms)
	RebuildCommonClasses (63ms)
	RebuildNativeTypeToScriptingClass (20ms)
	initialDomainReloadingComplete (75ms)
	LoadAllAssembliesAndSetupDomain (1041ms)
		LoadAssemblies (722ms)
		RebuildTransferFunctionScriptingTraits (0ms)
		AnalyzeDomain (514ms)
			TypeCache.Refresh (444ms)
				TypeCache.ScanAssembly (398ms)
			ScanForSourceGeneratedMonoScriptInfo (53ms)
			ResolveRequiredComponents (14ms)
	FinalizeReload (1564ms)
		ReleaseScriptCaches (0ms)
		RebuildScriptCaches (0ms)
		SetupLoadedEditorAssemblies (1143ms)
			LogAssemblyErrors (0ms)
			InitializePlatformSupportModulesInManaged (69ms)
			SetLoadedEditorAssemblies (8ms)
			RefreshPlugins (0ms)
			BeforeProcessingInitializeOnLoad (137ms)
			ProcessInitializeOnLoadAttributes (702ms)
			ProcessInitializeOnLoadMethodAttributes (211ms)
			AfterProcessingInitializeOnLoad (14ms)
			EditorAssembliesLoaded (0ms)
		ExecutionOrderSort2 (0ms)
		AwakeInstancesAfterBackupRestoration (13ms)
Launched and connected shader compiler UnityShaderCompiler.exe after 0.14 seconds
Refreshing native plugins compatible for Editor in 12.15 ms, found 4 plugins.
Preloading 0 native plugins for Editor in 0.00 ms.
Unloading 5682 Unused Serialized files (Serialized files now loaded: 0)
Unloading 98 unused Assets / (0.9 MB). Loaded Objects now: 6129.
Memory consumption went from 228.7 MB to 227.8 MB.
Total: 16.320800 ms (FindLiveObjects: 1.337700 ms CreateObjectMapping: 1.612000 ms MarkObjects: 11.315400 ms  DeleteObjects: 2.051600 ms)

AssetImportParameters requested are different than current active one (requested -> active):
  custom:container-demuxer-ogg: 62fdf1f143b41e24485cea50d1cbac27 -> 
  custom:video-decoder-ogg-theora: a1e56fd34408186e4bbccfd4996cb3dc -> 
  custom:framework-win-MediaFoundation: 216162199b28c13a410421893ffa2e32 -> 
  custom:CustomObjectIndexerAttribute: a3ef5dd2817f97addfee359851a9dba5 -> 
  custom:container-demuxer-webm: 4f35f7cbe854078d1ac9338744f61a02 -> 
  custom:container-muxer-webm: aa71ff27fc2769a1b78a27578f13a17b -> 
  custom:video-decoder-webm-vp8: 9c59270c3fd7afecdb556c50c9e8de78 -> 
  custom:SearchIndexIgnoredProperties: e643bd26f0fe6173181afceb89e7c659 -> 
  custom:AudioImporter_EditorPlatform: d09bf68614088b80899f8185d706f6e7 -> 
  custom:video-encoder-webm-vp8: eb34c28f22e8b96e1ab97ce403110664 -> 
  custom:audio-decoder-ogg-vorbis: bf7c407c2cedff20999df2af8eb42d56 -> 
  custom:audio-encoder-webm-vorbis: bf7c407c2cedff20999df2af8eb42d56 -> 
========================================================================
Received Import Request.
  Time since last request: 512237.504797 seconds.
  path: Assets/UniversalRenderPipelineGlobalSettings.asset
  artifactKey: Guid(93b439a37f63240aca3dd4e01d978a9f) Importer(815301076,1909f56bfc062723c751e8b465ee728b)
Start importing Assets/UniversalRenderPipelineGlobalSettings.asset using Guid(93b439a37f63240aca3dd4e01d978a9f) Importer(815301076,1909f56bfc062723c751e8b465ee728b)  -> (artifact id: '08254b431e78862a1490bbccd82936fe') in 0.034552 seconds
Number of updated asset objects reloaded before import = 0
Number of asset objects unloaded after import = 1
========================================================================
Received Import Request.
  Time since last request: 0.000110 seconds.
  path: Assets/player.prefab
  artifactKey: Guid(0e2104301ea5ace469e5b6eacff57fca) Importer(815301076,1909f56bfc062723c751e8b465ee728b)
Start importing Assets/player.prefab using Guid(0e2104301ea5ace469e5b6eacff57fca) Importer(815301076,1909f56bfc062723c751e8b465ee728b)  -> (artifact id: '4c52443e168b4c95f8ddd45092114c99') in 0.025492 seconds
Number of updated asset objects reloaded before import = 0
Number of asset objects unloaded after import = 4
========================================================================
Received Prepare
Begin MonoManager ReloadAssembly
- Loaded All Assemblies, in  1.152 seconds
Refreshing native plugins compatible for Editor in 13.66 ms, found 4 plugins.
Native extension for WindowsStandalone target not found
Native extension for Android target not found
Native extension for WebGL target not found
Mono: successfully reloaded assembly
- Finished resetting the current domain, in  3.400 seconds
Domain Reload Profiling: 4544ms
	BeginReloadAssembly (349ms)
		ExecutionOrderSort (0ms)
		DisableScriptedObjects (20ms)
		BackupInstance (0ms)
		ReleaseScriptingObjects (0ms)
		CreateAndSetChildDomain (101ms)
	RebuildCommonClasses (70ms)
	RebuildNativeTypeToScriptingClass (22ms)
	initialDomainReloadingComplete (59ms)
	LoadAllAssembliesAndSetupDomain (643ms)
		LoadAssemblies (690ms)
		RebuildTransferFunctionScriptingTraits (0ms)
		AnalyzeDomain (112ms)
			TypeCache.Refresh (28ms)
				TypeCache.ScanAssembly (0ms)
			ScanForSourceGeneratedMonoScriptInfo (62ms)
			ResolveRequiredComponents (20ms)
	FinalizeReload (3401ms)
		ReleaseScriptCaches (0ms)
		RebuildScriptCaches (0ms)
		SetupLoadedEditorAssemblies (971ms)
			LogAssemblyErrors (0ms)
			InitializePlatformSupportModulesInManaged (37ms)
			SetLoadedEditorAssemblies (7ms)
			RefreshPlugins (0ms)
			BeforeProcessingInitializeOnLoad (110ms)
			ProcessInitializeOnLoadAttributes (673ms)
			ProcessInitializeOnLoadMethodAttributes (130ms)
			AfterProcessingInitializeOnLoad (13ms)
			EditorAssembliesLoaded (0ms)
		ExecutionOrderSort2 (0ms)
		AwakeInstancesAfterBackupRestoration (64ms)
Refreshing native plugins compatible for Editor in 9.36 ms, found 4 plugins.
Preloading 0 native plugins for Editor in 0.00 ms.
Unloading 5531 Unused Serialized files (Serialized files now loaded: 0)
Unloading 61 unused Assets / (0.9 MB). Loaded Objects now: 6137.
Memory consumption went from 203.9 MB to 203.1 MB.
Total: 9.976600 ms (FindLiveObjects: 0.531800 ms CreateObjectMapping: 0.972400 ms MarkObjects: 7.803600 ms  DeleteObjects: 0.667000 ms)

Prepare: number of updated asset objects reloaded= 0
AssetImportParameters requested are different than current active one (requested -> active):
  custom:container-demuxer-ogg: 62fdf1f143b41e24485cea50d1cbac27 -> 
  custom:video-decoder-ogg-theora: a1e56fd34408186e4bbccfd4996cb3dc -> 
  custom:framework-win-MediaFoundation: 216162199b28c13a410421893ffa2e32 -> 
  custom:CustomObjectIndexerAttribute: a3ef5dd2817f97addfee359851a9dba5 -> 
  custom:container-demuxer-webm: 4f35f7cbe854078d1ac9338744f61a02 -> 
  custom:container-muxer-webm: aa71ff27fc2769a1b78a27578f13a17b -> 
  custom:video-decoder-webm-vp8: 9c59270c3fd7afecdb556c50c9e8de78 -> 
  custom:SearchIndexIgnoredProperties: e643bd26f0fe6173181afceb89e7c659 -> 
  custom:AudioImporter_EditorPlatform: d09bf68614088b80899f8185d706f6e7 -> 
  custom:video-encoder-webm-vp8: eb34c28f22e8b96e1ab97ce403110664 -> 
  custom:audio-decoder-ogg-vorbis: bf7c407c2cedff20999df2af8eb42d56 -> 
  custom:audio-encoder-webm-vorbis: bf7c407c2cedff20999df2af8eb42d56 -> 
========================================================================
Received Import Request.
  Time since last request: 54.612105 seconds.
  path: Assets/Scripts/playerMovementScript.cs
  artifactKey: Guid(5ca7482bd91ac3d4ebddf7029dab6e91) Importer(815301076,1909f56bfc062723c751e8b465ee728b)
Start importing Assets/Scripts/playerMovementScript.cs using Guid(5ca7482bd91ac3d4ebddf7029dab6e91) Importer(815301076,1909f56bfc062723c751e8b465ee728b)  -> (artifact id: 'bece06ba50da7e3283b62a0fadaf6dde') in 0.004742 seconds
Number of updated asset objects reloaded before import = 0
Number of asset objects unloaded after import = 0
========================================================================
Received Prepare
Begin MonoManager ReloadAssembly
- Loaded All Assemblies, in  0.789 seconds
Refreshing native plugins compatible for Editor in 9.05 ms, found 4 plugins.
Native extension for WindowsStandalone target not found
Native extension for Android target not found
Native extension for WebGL target not found
Mono: successfully reloaded assembly
- Finished resetting the current domain, in  2.148 seconds
Domain Reload Profiling: 2931ms
	BeginReloadAssembly (254ms)
		ExecutionOrderSort (0ms)
		DisableScriptedObjects (13ms)
		BackupInstance (0ms)
		ReleaseScriptingObjects (0ms)
		CreateAndSetChildDomain (48ms)
	RebuildCommonClasses (56ms)
	RebuildNativeTypeToScriptingClass (20ms)
	initialDomainReloadingComplete (39ms)
	LoadAllAssembliesAndSetupDomain (413ms)
		LoadAssemblies (501ms)
		RebuildTransferFunctionScriptingTraits (0ms)
		AnalyzeDomain (68ms)
			TypeCache.Refresh (16ms)
				TypeCache.ScanAssembly (0ms)
			ScanForSourceGeneratedMonoScriptInfo (36ms)
			ResolveRequiredComponents (15ms)
	FinalizeReload (2149ms)
		ReleaseScriptCaches (0ms)
		RebuildScriptCaches (0ms)
		SetupLoadedEditorAssemblies (733ms)
			LogAssemblyErrors (0ms)
			InitializePlatformSupportModulesInManaged (33ms)
			SetLoadedEditorAssemblies (9ms)
			RefreshPlugins (0ms)
			BeforeProcessingInitializeOnLoad (115ms)
			ProcessInitializeOnLoadAttributes (470ms)
			ProcessInitializeOnLoadMethodAttributes (98ms)
			AfterProcessingInitializeOnLoad (8ms)
			EditorAssembliesLoaded (0ms)
		ExecutionOrderSort2 (0ms)
		AwakeInstancesAfterBackupRestoration (18ms)
Refreshing native plugins compatible for Editor in 7.96 ms, found 4 plugins.
Preloading 0 native plugins for Editor in 0.00 ms.
Unloading 5531 Unused Serialized files (Serialized files now loaded: 0)
Unloading 61 unused Assets / (0.9 MB). Loaded Objects now: 6142.
Memory consumption went from 205.9 MB to 205.0 MB.
Total: 5.108300 ms (FindLiveObjects: 0.635100 ms CreateObjectMapping: 0.656800 ms MarkObjects: 3.286900 ms  DeleteObjects: 0.527300 ms)

Prepare: number of updated asset objects reloaded= 0
AssetImportParameters requested are different than current active one (requested -> active):
  custom:container-demuxer-ogg: 62fdf1f143b41e24485cea50d1cbac27 -> 
  custom:video-decoder-ogg-theora: a1e56fd34408186e4bbccfd4996cb3dc -> 
  custom:framework-win-MediaFoundation: 216162199b28c13a410421893ffa2e32 -> 
  custom:CustomObjectIndexerAttribute: a3ef5dd2817f97addfee359851a9dba5 -> 
  custom:container-demuxer-webm: 4f35f7cbe854078d1ac9338744f61a02 -> 
  custom:container-muxer-webm: aa71ff27fc2769a1b78a27578f13a17b -> 
  custom:video-decoder-webm-vp8: 9c59270c3fd7afecdb556c50c9e8de78 -> 
  custom:SearchIndexIgnoredProperties: e643bd26f0fe6173181afceb89e7c659 -> 
  custom:AudioImporter_EditorPlatform: d09bf68614088b80899f8185d706f6e7 -> 
  custom:video-encoder-webm-vp8: eb34c28f22e8b96e1ab97ce403110664 -> 
  custom:audio-decoder-ogg-vorbis: bf7c407c2cedff20999df2af8eb42d56 -> 
  custom:audio-encoder-webm-vorbis: bf7c407c2cedff20999df2af8eb42d56 -> 
========================================================================
Received Prepare
Begin MonoManager ReloadAssembly
- Loaded All Assemblies, in  0.812 seconds
Refreshing native plugins compatible for Editor in 7.61 ms, found 4 plugins.
Native extension for WindowsStandalone target not found
Native extension for Android target not found
Native extension for WebGL target not found
Mono: successfully reloaded assembly
- Finished resetting the current domain, in  1.858 seconds
Domain Reload Profiling: 2663ms
	BeginReloadAssembly (263ms)
		ExecutionOrderSort (0ms)
		DisableScriptedObjects (17ms)
		BackupInstance (0ms)
		ReleaseScriptingObjects (0ms)
		CreateAndSetChildDomain (69ms)
	RebuildCommonClasses (55ms)
	RebuildNativeTypeToScriptingClass (19ms)
	initialDomainReloadingComplete (50ms)
	LoadAllAssembliesAndSetupDomain (417ms)
		LoadAssemblies (477ms)
		RebuildTransferFunctionScriptingTraits (0ms)
		AnalyzeDomain (67ms)
			TypeCache.Refresh (15ms)
				TypeCache.ScanAssembly (0ms)
			ScanForSourceGeneratedMonoScriptInfo (33ms)
			ResolveRequiredComponents (16ms)
	FinalizeReload (1859ms)
		ReleaseScriptCaches (0ms)
		RebuildScriptCaches (0ms)
		SetupLoadedEditorAssemblies (704ms)
			LogAssemblyErrors (0ms)
			InitializePlatformSupportModulesInManaged (36ms)
			SetLoadedEditorAssemblies (6ms)
			RefreshPlugins (0ms)
			BeforeProcessingInitializeOnLoad (88ms)
			ProcessInitializeOnLoadAttributes (439ms)
			ProcessInitializeOnLoadMethodAttributes (126ms)
			AfterProcessingInitializeOnLoad (8ms)
			EditorAssembliesLoaded (0ms)
		ExecutionOrderSort2 (0ms)
		AwakeInstancesAfterBackupRestoration (16ms)
Refreshing native plugins compatible for Editor in 8.53 ms, found 4 plugins.
Preloading 0 native plugins for Editor in 0.00 ms.
Unloading 5531 Unused Serialized files (Serialized files now loaded: 0)
Unloading 61 unused Assets / (0.9 MB). Loaded Objects now: 6147.
Memory consumption went from 207.8 MB to 206.9 MB.
Total: 7.870300 ms (FindLiveObjects: 1.966700 ms CreateObjectMapping: 1.027300 ms MarkObjects: 4.362100 ms  DeleteObjects: 0.510400 ms)

Prepare: number of updated asset objects reloaded= 0
AssetImportParameters requested are different than current active one (requested -> active):
  custom:container-demuxer-ogg: 62fdf1f143b41e24485cea50d1cbac27 -> 
  custom:video-decoder-ogg-theora: a1e56fd34408186e4bbccfd4996cb3dc -> 
  custom:framework-win-MediaFoundation: 216162199b28c13a410421893ffa2e32 -> 
  custom:CustomObjectIndexerAttribute: a3ef5dd2817f97addfee359851a9dba5 -> 
  custom:container-demuxer-webm: 4f35f7cbe854078d1ac9338744f61a02 -> 
  custom:container-muxer-webm: aa71ff27fc2769a1b78a27578f13a17b -> 
  custom:video-decoder-webm-vp8: 9c59270c3fd7afecdb556c50c9e8de78 -> 
  custom:SearchIndexIgnoredProperties: e643bd26f0fe6173181afceb89e7c659 -> 
  custom:AudioImporter_EditorPlatform: d09bf68614088b80899f8185d706f6e7 -> 
  custom:video-encoder-webm-vp8: eb34c28f22e8b96e1ab97ce403110664 -> 
  custom:audio-decoder-ogg-vorbis: bf7c407c2cedff20999df2af8eb42d56 -> 
  custom:audio-encoder-webm-vorbis: bf7c407c2cedff20999df2af8eb42d56 -> 
========================================================================
Received Prepare
Begin MonoManager ReloadAssembly
- Loaded All Assemblies, in  0.615 seconds
Refreshing native plugins compatible for Editor in 6.43 ms, found 4 plugins.
Native extension for WindowsStandalone target not found
Native extension for Android target not found
Native extension for WebGL target not found
Mono: successfully reloaded assembly
- Finished resetting the current domain, in  2.105 seconds
Domain Reload Profiling: 2715ms
	BeginReloadAssembly (188ms)
		ExecutionOrderSort (0ms)
		DisableScriptedObjects (13ms)
		BackupInstance (0ms)
		ReleaseScriptingObjects (0ms)
		CreateAndSetChildDomain (44ms)
	RebuildCommonClasses (36ms)
	RebuildNativeTypeToScriptingClass (13ms)
	initialDomainReloadingComplete (36ms)
	LoadAllAssembliesAndSetupDomain (336ms)
		LoadAssemblies (377ms)
		RebuildTransferFunctionScriptingTraits (0ms)
		AnalyzeDomain (54ms)
			TypeCache.Refresh (13ms)
				TypeCache.ScanAssembly (0ms)
			ScanForSourceGeneratedMonoScriptInfo (29ms)
			ResolveRequiredComponents (12ms)
	FinalizeReload (2106ms)
		ReleaseScriptCaches (0ms)
		RebuildScriptCaches (0ms)
		SetupLoadedEditorAssemblies (674ms)
			LogAssemblyErrors (0ms)
			InitializePlatformSupportModulesInManaged (27ms)
			SetLoadedEditorAssemblies (6ms)
			RefreshPlugins (0ms)
			BeforeProcessingInitializeOnLoad (89ms)
			ProcessInitializeOnLoadAttributes (467ms)
			ProcessInitializeOnLoadMethodAttributes (77ms)
			AfterProcessingInitializeOnLoad (8ms)
			EditorAssembliesLoaded (0ms)
		ExecutionOrderSort2 (0ms)
		AwakeInstancesAfterBackupRestoration (20ms)
Refreshing native plugins compatible for Editor in 7.65 ms, found 4 plugins.
Preloading 0 native plugins for Editor in 0.00 ms.
Unloading 5531 Unused Serialized files (Serialized files now loaded: 0)
Unloading 61 unused Assets / (0.9 MB). Loaded Objects now: 6152.
Memory consumption went from 209.8 MB to 208.9 MB.
Total: 6.530200 ms (FindLiveObjects: 0.614000 ms CreateObjectMapping: 0.674300 ms MarkObjects: 4.484300 ms  DeleteObjects: 0.755700 ms)

Prepare: number of updated asset objects reloaded= 0
AssetImportParameters requested are different than current active one (requested -> active):
  custom:container-demuxer-ogg: 62fdf1f143b41e24485cea50d1cbac27 -> 
  custom:video-decoder-ogg-theora: a1e56fd34408186e4bbccfd4996cb3dc -> 
  custom:framework-win-MediaFoundation: 216162199b28c13a410421893ffa2e32 -> 
  custom:CustomObjectIndexerAttribute: a3ef5dd2817f97addfee359851a9dba5 -> 
  custom:container-demuxer-webm: 4f35f7cbe854078d1ac9338744f61a02 -> 
  custom:container-muxer-webm: aa71ff27fc2769a1b78a27578f13a17b -> 
  custom:video-decoder-webm-vp8: 9c59270c3fd7afecdb556c50c9e8de78 -> 
  custom:SearchIndexIgnoredProperties: e643bd26f0fe6173181afceb89e7c659 -> 
  custom:AudioImporter_EditorPlatform: d09bf68614088b80899f8185d706f6e7 -> 
  custom:video-encoder-webm-vp8: eb34c28f22e8b96e1ab97ce403110664 -> 
  custom:audio-decoder-ogg-vorbis: bf7c407c2cedff20999df2af8eb42d56 -> 
  custom:audio-encoder-webm-vorbis: bf7c407c2cedff20999df2af8eb42d56 -> 
========================================================================
Received Prepare
Begin MonoManager ReloadAssembly
- Loaded All Assemblies, in  0.752 seconds
Refreshing native plugins compatible for Editor in 8.19 ms, found 4 plugins.
Native extension for WindowsStandalone target not found
Native extension for Android target not found
Native extension for WebGL target not found
Mono: successfully reloaded assembly
- Finished resetting the current domain, in  3.280 seconds
Domain Reload Profiling: 4025ms
	BeginReloadAssembly (214ms)
		ExecutionOrderSort (0ms)
		DisableScriptedObjects (18ms)
		BackupInstance (0ms)
		ReleaseScriptingObjects (0ms)
		CreateAndSetChildDomain (46ms)
	RebuildCommonClasses (54ms)
	RebuildNativeTypeToScriptingClass (45ms)
	initialDomainReloadingComplete (52ms)
	LoadAllAssembliesAndSetupDomain (379ms)
		LoadAssemblies (455ms)
		RebuildTransferFunctionScriptingTraits (0ms)
		AnalyzeDomain (35ms)
			TypeCache.Refresh (15ms)
				TypeCache.ScanAssembly (0ms)
			ScanForSourceGeneratedMonoScriptInfo (0ms)
			ResolveRequiredComponents (18ms)
	FinalizeReload (3281ms)
		ReleaseScriptCaches (0ms)
		RebuildScriptCaches (0ms)
		SetupLoadedEditorAssemblies (1362ms)
			LogAssemblyErrors (0ms)
			InitializePlatformSupportModulesInManaged (68ms)
			SetLoadedEditorAssemblies (22ms)
			RefreshPlugins (0ms)
			BeforeProcessingInitializeOnLoad (226ms)
			ProcessInitializeOnLoadAttributes (934ms)
			ProcessInitializeOnLoadMethodAttributes (105ms)
			AfterProcessingInitializeOnLoad (8ms)
			EditorAssembliesLoaded (0ms)
		ExecutionOrderSort2 (0ms)
		AwakeInstancesAfterBackupRestoration (22ms)
Refreshing native plugins compatible for Editor in 14.48 ms, found 4 plugins.
Preloading 0 native plugins for Editor in 0.00 ms.
Unloading 5531 Unused Serialized files (Serialized files now loaded: 0)
Unloading 61 unused Assets / (0.9 MB). Loaded Objects now: 6157.
Memory consumption went from 211.7 MB to 210.9 MB.
Total: 11.997500 ms (FindLiveObjects: 0.906300 ms CreateObjectMapping: 3.103500 ms MarkObjects: 6.747600 ms  DeleteObjects: 1.237500 ms)

Prepare: number of updated asset objects reloaded= 0
AssetImportParameters requested are different than current active one (requested -> active):
  custom:container-demuxer-ogg: 62fdf1f143b41e24485cea50d1cbac27 -> 
  custom:video-decoder-ogg-theora: a1e56fd34408186e4bbccfd4996cb3dc -> 
  custom:framework-win-MediaFoundation: 216162199b28c13a410421893ffa2e32 -> 
  custom:CustomObjectIndexerAttribute: a3ef5dd2817f97addfee359851a9dba5 -> 
  custom:container-demuxer-webm: 4f35f7cbe854078d1ac9338744f61a02 -> 
  custom:container-muxer-webm: aa71ff27fc2769a1b78a27578f13a17b -> 
  custom:video-decoder-webm-vp8: 9c59270c3fd7afecdb556c50c9e8de78 -> 
  custom:SearchIndexIgnoredProperties: e643bd26f0fe6173181afceb89e7c659 -> 
  custom:AudioImporter_EditorPlatform: d09bf68614088b80899f8185d706f6e7 -> 
  custom:video-encoder-webm-vp8: eb34c28f22e8b96e1ab97ce403110664 -> 
  custom:audio-decoder-ogg-vorbis: bf7c407c2cedff20999df2af8eb42d56 -> 
  custom:audio-encoder-webm-vorbis: bf7c407c2cedff20999df2af8eb42d56 -> 
========================================================================
Received Prepare
Begin MonoManager ReloadAssembly
- Loaded All Assemblies, in  6.497 seconds
Refreshing native plugins compatible for Editor in 11.12 ms, found 4 plugins.
Native extension for WindowsStandalone target not found
Native extension for Android target not found
Native extension for WebGL target not found
Mono: successfully reloaded assembly
- Finished resetting the current domain, in 54.395 seconds
Domain Reload Profiling: 60882ms
	BeginReloadAssembly (364ms)
		ExecutionOrderSort (0ms)
		DisableScriptedObjects (23ms)
		BackupInstance (0ms)
		ReleaseScriptingObjects (0ms)
		CreateAndSetChildDomain (75ms)
	RebuildCommonClasses (160ms)
	RebuildNativeTypeToScriptingClass (17ms)
	initialDomainReloadingComplete (45ms)
	LoadAllAssembliesAndSetupDomain (5900ms)
		LoadAssemblies (6082ms)
		RebuildTransferFunctionScriptingTraits (0ms)
		AnalyzeDomain (30ms)
			TypeCache.Refresh (11ms)
				TypeCache.ScanAssembly (0ms)
			ScanForSourceGeneratedMonoScriptInfo (0ms)
			ResolveRequiredComponents (17ms)
	FinalizeReload (54396ms)
		ReleaseScriptCaches (0ms)
		RebuildScriptCaches (0ms)
		SetupLoadedEditorAssemblies (1075ms)
			LogAssemblyErrors (0ms)
			InitializePlatformSupportModulesInManaged (91ms)
			SetLoadedEditorAssemblies (9ms)
			RefreshPlugins (0ms)
			BeforeProcessingInitializeOnLoad (158ms)
			ProcessInitializeOnLoadAttributes (659ms)
			ProcessInitializeOnLoadMethodAttributes (142ms)
			AfterProcessingInitializeOnLoad (15ms)
			EditorAssembliesLoaded (0ms)
		ExecutionOrderSort2 (0ms)
		AwakeInstancesAfterBackupRestoration (24ms)
Script is not up to date after domain reload: guid(d4a408a1b506d0046875061c677944d8) path("Packages/com.unity.cinemachine/Editor/Editors/CinemachineTrackedDollyEditor.cs") state(2)
Script is not up to date after domain reload: guid(7d0d800d47186f0468d962ccf338ab97) path("Packages/com.unity.cinemachine/Editor/PropertyDrawers/NoiseSettingsPropertyDrawer.cs") state(2)
Script is not up to date after domain reload: guid(319d2fe34a804e245819465c9505ea59) path("Packages/com.unity.cinemachine/Runtime/Behaviours/CinemachineFreeLook.cs") state(2)
Script is not up to date after domain reload: guid(e46ac8d61dc065848bd5a1aa7cd8c006) path("Packages/com.unity.cinemachine/Runtime/Helpers/CinemachineTriggerAction.cs") state(2)
Script is not up to date after domain reload: guid(44d70cc20219cd84593f67d248eafe36) path("Packages/com.unity.cinemachine/Runtime/Behaviours/CinemachineCameraOffset.cs") state(2)
Script is not up to date after domain reload: guid(e501d18bb52cf8c40b1853ca4904654f) path("Packages/com.unity.cinemachine/Runtime/Behaviours/CinemachineCollider.cs") state(2)
Script is not up to date after domain reload: guid(9a53087ba28aaf145a184ea363108831) path("Packages/com.unity.cinemachine/Runtime/Core/ICinemachineComponent.cs") state(2)
Script is not up to date after domain reload: guid(f34e35dc1dc67c54c841b728548d69cc) path("Packages/com.unity.cinemachine/Editor/Editors/CinemachineTransposerEditor.cs") state(2)
Script is not up to date after domain reload: guid(45e653bab7fb20e499bda25e1b646fea) path("Packages/com.unity.cinemachine/Runtime/Behaviours/CinemachineVirtualCamera.cs") state(2)
Script is not up to date after domain reload: guid(74d8c4d6e5d0338469ae46c13725f3ce) path("Packages/com.unity.cinemachine/Editor/Windows/CinemachineSettings.cs") state(2)
Script is not up to date after domain reload: guid(3f7c779802a73d5448e38af7c39fbaa5) path("Packages/com.unity.cinemachine/Editor/Editors/CinemachineConfinerEditor.cs") state(2)
Script is not up to date after domain reload: guid(8986fa27e90db314d8a3359520e7fd1a) path("Packages/com.unity.cinemachine/Editor/Utility/ReflectionHelpers.cs") state(2)
Script is not up to date after domain reload: guid(1e8b78ac948f05a46a6d8339a503172b) path("Packages/com.unity.cinemachine/Runtime/Components/CinemachineHardLookAt.cs") state(2)
Script is not up to date after domain reload: guid(fb7194dc27b9df64c8beca7482ee8e0d) path("Packages/com.unity.cinemachine/Runtime/Helpers/CinemachineInputProvider.cs") state(2)
Script is not up to date after domain reload: guid(05acc715f855ced458d76ee6f8ac6c61) path("Packages/com.unity.cinemachine/Runtime/Timeline/CinemachineTrack.cs") state(2)
Script is not up to date after domain reload: guid(cebc3fe47a919524eb4a977f726a484e) path("Packages/com.unity.cinemachine/Runtime/Core/SignalSourceAsset.cs") state(2)
Script is not up to date after domain reload: guid(e44b92e217bfdf24d99acb4344918eeb) path("Packages/com.unity.cinemachine/Editor/Editors/CinemachineHardLockToTargetEditor.cs") state(2)
Script is not up to date after domain reload: guid(6c26251a3e1f5ac41afa5ffb404c5f71) path("Packages/com.unity.cinemachine/Runtime/Behaviours/CinemachineMixingCamera.cs") state(2)
Script is not up to date after domain reload: guid(b567991935cb6844d9bb65eda22b628f) path("Packages/com.unity.cinemachine/Runtime/Core/RuntimeUtility.cs") state(2)
Script is not up to date after domain reload: guid(04e6f1d86089cda409e925cd975436d9) path("Packages/com.unity.cinemachine/Editor/Editors/CinemachineFreeLookEditor.cs") state(2)
Script is not up to date after domain reload: guid(1a8a05de0ac134f4f9d01bef6b9da077) path("Packages/com.unity.cinemachine/Runtime/Behaviours/CinemachinePixelPerfect.cs") state(2)
Script is not up to date after domain reload: guid(c64ec1fa74cb7174da4b9f561a7dffe1) path("Packages/com.unity.cinemachine/Runtime/AssemblyInfo.cs") state(2)
Script is not up to date after domain reload: guid(6ad980451443d70438faac0bc6c235a0) path("Packages/com.unity.cinemachine/Runtime/Components/CinemachineFramingTransposer.cs") state(2)
Script is not up to date after domain reload: guid(5f3c3863a56212143af61f92a3644bb0) path("Packages/com.unity.cinemachine/Tests/Editor/DampingTests.cs") state(2)
Script is not up to date after domain reload: guid(4a9c464b0191f7d4da1d129d97d8240b) path("Packages/com.unity.cinemachine/Editor/PropertyDrawers/CinemachineBlendDefinitionPropertyDrawer.cs") state(2)
Script is not up to date after domain reload: guid(fdb859783dabdca44be0ea05d1203b30) path("Packages/com.unity.cinemachine/Editor/Impulse/CinemachineImpulseEnvelopePropertyDrawer.cs") state(2)
Script is not up to date after domain reload: guid(70f1be76e10cd9f44ad1a86b9e05745e) path("Packages/com.unity.cinemachine/Editor/PropertyDrawers/AxisStatePropertyDrawer.cs") state(2)
Script is not up to date after domain reload: guid(0181db608628b494d8ae50728e507ce1) path("Packages/com.unity.cinemachine/Editor/Editors/CinemachineBlendListCameraEditor.cs") state(2)
Script is not up to date after domain reload: guid(2adf148a19499274795e418631d7db45) path("Packages/com.unity.cinemachine/Runtime/Helpers/CinemachineTouchInputMapper.cs") state(2)
Script is not up to date after domain reload: guid(ebb13519e7af50b4dbc59d78b3bb6a32) path("Packages/com.unity.cinemachine/Editor/Utility/InspectorUtility.cs") state(2)
Script is not up to date after domain reload: guid(65eebf71eb882124fa7f75085f367e5f) path("Packages/com.unity.cinemachine/Runtime/Helpers/GroupWeightManipulator.cs") state(2)
Script is not up to date after domain reload: guid(e5eb80d8e62d9d145bb50fb783c0f731) path("Packages/com.unity.cinemachine/Runtime/Behaviours/CinemachineTargetGroup.cs") state(2)
Script is not up to date after domain reload: guid(41a7beeb0ec57584382c8170981d8ac1) path("Packages/com.unity.cinemachine/Runtime/Core/UpdateTracker.cs") state(2)
Script is not up to date after domain reload: guid(3226d9f88577be74197693bd17cff8c3) path("Packages/com.unity.cinemachine/Editor/Editors/CinemachineExternalCameraEditor.cs") state(2)
Script is not up to date after domain reload: guid(2db7dd9c3def4ff3b77fbedd84cdac33) path("Packages/com.unity.cinemachine/Tests/Runtime/CmColliderTests.cs") state(2)
Script is not up to date after domain reload: guid(5356d1db487a5284fb27af2798adad33) path("Packages/com.unity.cinemachine/Runtime/Timeline/CinemachineShotPlayable.cs") state(2)
Script is not up to date after domain reload: guid(f4044717213e31446939f7bd49c896ea) path("Packages/com.unity.cinemachine/Runtime/Components/CinemachineComposer.cs") state(2)
Script is not up to date after domain reload: guid(53258ad9ad6e71e48bb8643c9522112e) path("Packages/com.unity.cinemachine/Runtime/Behaviours/CinemachineBlendListCamera.cs") state(2)
Script is not up to date after domain reload: guid(ee42f1964a0e8224c90be81905946699) path("Packages/com.unity.cinemachine/Editor/Editors/CinemachineBasicMultiChannelPerlinEditor.cs") state(2)
Script is not up to date after domain reload: guid(3fed8968b96eb924891cf86f5c51f661) path("Packages/com.unity.cinemachine/Runtime/Core/CinemachineBlend.cs") state(2)
Script is not up to date after domain reload: guid(2d37e5385efd7064cb1d54c94960acae) path("Packages/com.unity.cinemachine/Runtime/Behaviours/CinemachinePath.cs") state(2)
Script is not up to date after domain reload: guid(449ef5ebbe24720439ec31d15f7b6f3d) path("Packages/com.unity.cinemachine/Runtime/PostProcessing/CinemachineVolumeSettings.cs") state(2)
Script is not up to date after domain reload: guid(c5da6ce9225f948438f7d6a072499ecd) path("Packages/com.unity.cinemachine/Editor/Editors/CinemachineGroupComposerEditor.cs") state(2)
Script is not up to date after domain reload: guid(a73149a4b6c41d741bc5e4e3b7711c0d) path("Packages/com.unity.cinemachine/Runtime/Core/CinemachinePathBase.cs") state(2)
Script is not up to date after domain reload: guid(99a9c787e5d1bbf48a389834c4a9641c) path("Packages/com.unity.cinemachine/Runtime/Behaviours/CinemachineDollyCart.cs") state(2)
Script is not up to date after domain reload: guid(eb25eb9c85a88c94aa253071e03aca6e) path("Packages/com.unity.cinemachine/Runtime/Impulse/CinemachineImpulseManager.cs") state(2)
Script is not up to date after domain reload: guid(a9e63e62da42ce141b35602019323584) path("Packages/com.unity.cinemachine/Editor/Editors/CinemachineStoryboardEditor.cs") state(2)
Script is not up to date after domain reload: guid(9384ab8608cdc3d479fe89cd51eed48f) path("Packages/com.unity.cinemachine/Runtime/Components/CinemachineOrbitalTransposer.cs") state(2)
Script is not up to date after domain reload: guid(a2fba25a5cd15594e8f050a11e386c80) path("Packages/com.unity.cinemachine/Runtime/Behaviours/CinemachineConfiner.cs") state(2)
Script is not up to date after domain reload: guid(a4c41ac9245b87c4192012080077d830) path("Packages/com.unity.cinemachine/Runtime/Components/CinemachineSameAsFollowTarget.cs") state(2)
Script is not up to date after domain reload: guid(f8277034562bc4596b7a121435fe0caf) path("Packages/com.unity.cinemachine/Editor/Utility/CinemachineEditorAnalytics.cs") state(2)
Script is not up to date after domain reload: guid(f453f694addf4275988fac205bc91968) path("Packages/com.unity.cinemachine/Runtime/Behaviours/CinemachineConfiner2D.cs") state(2)
Script is not up to date after domain reload: guid(2a15a1e455bcc7543872f50762449739) path("Packages/com.unity.cinemachine/Editor/Editors/CinemachineScreenComposerGuides.cs") state(2)
Script is not up to date after domain reload: guid(be817a1286f201845b5c36ae9afe9e35) path("Packages/com.unity.cinemachine/Runtime/Experimental/CinemachineNewVirtualCamera.cs") state(2)
Script is not up to date after domain reload: guid(211d719bb25901043833928f50e9d0ea) path("Packages/com.unity.cinemachine/Editor/Editors/CinemachineVirtualCameraBaseEditor.cs") state(2)
Script is not up to date after domain reload: guid(d62f748f5292bb343be9e6b0c84416d9) path("Packages/com.unity.cinemachine/Runtime/Behaviours/CinemachineClearShot.cs") state(2)
Script is not up to date after domain reload: guid(05a0e141febe431a9d24a358a0a4d929) path("Packages/com.unity.cinemachine/Tests/Runtime/BrainTargetOverrideTests.cs") state(2)
Script is not up to date after domain reload: guid(fabb19b3ae73449c856bc82fcaf6831c) path("Packages/com.unity.cinemachine/Runtime/Core/ConfinerOven.cs") state(2)
Script is not up to date after domain reload: guid(180ecf9b41d478f468eb3e9083753217) path("Packages/com.unity.cinemachine/Runtime/Impulse/CinemachineImpulseSource.cs") state(2)
Script is not up to date after domain reload: guid(cd1b3b6848c215f4cba3ace2c38f9bce) path("Packages/com.unity.cinemachine/Editor/PropertyDrawers/OrbitalTransposerHeadingPropertyDrawer.cs") state(2)
Script is not up to date after domain reload: guid(00b2d199b96b516448144ab30fb26aed) path("Packages/com.unity.cinemachine/Runtime/Impulse/CinemachineImpulseListener.cs") state(2)
Script is not up to date after domain reload: guid(15ebf04de67923d41a36c21e1fc63718) path("Packages/com.unity.cinemachine/Runtime/Core/CinemachineVirtualCameraBase.cs") state(2)
Script is not up to date after domain reload: guid(620aee1bd928b2a4981896c6b4e1bf0d) path("Packages/com.unity.cinemachine/Editor/Editors/CinemachineFramingTransposerEditor.cs") state(2)
Script is not up to date after domain reload: guid(b7f59e54f2bfd184b9dd451a678d089b) path("Packages/com.unity.cinemachine/Runtime/Core/NoiseSettings.cs") state(2)
Script is not up to date after domain reload: guid(82e62c82b3be64042ac529dee964cc2f) path("Packages/com.unity.cinemachine/Runtime/Behaviours/CinemachineStoryboard.cs") state(2)
Script is not up to date after domain reload: guid(68194b7bb9ff1c6489c9c3c87c68c2a4) path("Packages/com.unity.cinemachine/Editor/Utility/VcamStageEditor.cs") state(2)
Script is not up to date after domain reload: guid(8ad60cb17f7694c43a8190c617281753) path("Packages/com.unity.cinemachine/Editor/Editors/CinemachineMixingCameraEditor.cs") state(2)
Script is not up to date after domain reload: guid(fca2bf25139920d4f9bf86711457992e) path("Packages/com.unity.cinemachine/Runtime/Core/SplineHelpers.cs") state(2)
Script is not up to date after domain reload: guid(15ef94834d9e4aa44ac8fe619843346b) path("Packages/com.unity.cinemachine/Editor/Utility/BaseEditor.cs") state(2)
Script is not up to date after domain reload: guid(0544e7b14d134a1449e61175446cfb95) path("Packages/com.unity.cinemachine/Runtime/Behaviours/CinemachineRecomposer.cs") state(2)
Script is not up to date after domain reload: guid(68bb026fafb42b14791938953eaace77) path("Packages/com.unity.cinemachine/Runtime/Components/CinemachineBasicMultiChannelPerlin.cs") state(2)
Script is not up to date after domain reload: guid(ed3efd28525441947b55ec9b5d68ba31) path("Packages/com.unity.cinemachine/Editor/PropertyDrawers/CinemachineTagFieldPropertyDrawer.cs") state(2)
Script is not up to date after domain reload: guid(fdfe64f027e0b40ffa59a87a23ac5eeb) path("Packages/com.unity.cinemachine/Editor/Overlays/CinemachineToolbarOverlay.cs") state(2)
Script is not up to date after domain reload: guid(0eb9f23cde3a1734da334cfa0831dd25) path("Packages/com.unity.cinemachine/Editor/Editors/CinemachineStateDrivenCameraEditor.cs") state(2)
Script is not up to date after domain reload: guid(fc54afb14b6b01a4dabc4c8831cb7bf7) path("Packages/com.unity.cinemachine/Editor/Editors/CinemachineSameAsFollowTargetEditor.cs") state(2)
Script is not up to date after domain reload: guid(f24a4388d07ef494e8516cb859803e09) path("Packages/com.unity.cinemachine/Editor/Timeline/CinemachineShotEditor.cs") state(2)
Script is not up to date after domain reload: guid(e4a187608e05245eabbd161398c3d6fe) path("Packages/com.unity.cinemachine/Tests/Runtime/CameraPositionTests.cs") state(2)
Script is not up to date after domain reload: guid(390265c3e834a4a7c804369abba00760) path("Packages/com.unity.cinemachine/Runtime/ThirdParty/clipper.cs") state(2)
Script is not up to date after domain reload: guid(731fc2d2b40c248eda217891c849472d) path("Packages/com.unity.cinemachine/Tests/Editor/UnityVectorExtensionTests.cs") state(2)
Script is not up to date after domain reload: guid(10e6f8c815d3c4d45b1d98b951d53912) path("Packages/com.unity.cinemachine/Runtime/Core/CinemachineDebug.cs") state(2)
Script is not up to date after domain reload: guid(6a0472cd31396f741969b8c1af8dd5a0) path("Packages/com.unity.cinemachine/Runtime/Core/UnityVectorExtensions.cs") state(2)
Script is not up to date after domain reload: guid(c5d95ccadebafc84b8226853d987217d) path("Packages/com.unity.cinemachine/Editor/Helpers/CinemachineTriggerActionEditor.cs") state(2)
Script is not up to date after domain reload: guid(57744762d9079934292f57896d8193e0) path("Packages/com.unity.cinemachine/Runtime/Behaviours/CinemachineExternalCamera.cs") state(2)
Script is not up to date after domain reload: guid(b1a97a2b5515f5d49977e7e8add5b7a9) path("Packages/com.unity.cinemachine/Editor/Impulse/CinemachineImpulseDefinitionPropertyDrawer.cs") state(2)
Script is not up to date after domain reload: guid(9cd1a769fbb1d1c47b4c22a04a64fa5f) path("Packages/com.unity.cinemachine/Editor/Impulse/CinemachineCollisionImpulseSourceEditor.cs") state(2)
Script is not up to date after domain reload: guid(c63cb4cb8e3e82c4f8bfa7516da4f2b5) path("Packages/com.unity.cinemachine/Editor/Impulse/CinemachineImpulseListenerEditor.cs") state(2)
Script is not up to date after domain reload: guid(bf34fbe7a6e71634493d770ed0031f9d) path("Packages/com.unity.cinemachine/Editor/Editors/CinemachineColliderEditor.cs") state(2)
Script is not up to date after domain reload: guid(57baee20e53f7b54782519af44a9468f) path("Packages/com.unity.cinemachine/Editor/PropertyDrawers/EmbeddedAssetPropertyDrawer.cs") state(2)
Script is not up to date after domain reload: guid(3651c851e01a04bc984d8892717ad164) path("Packages/com.unity.cinemachine/Tests/Runtime/Confiner2DUnitTests.cs") state(2)
Script is not up to date after domain reload: guid(aceb1a3f85f55c249bba6eaade29f2aa) path("Packages/com.unity.cinemachine/Editor/Windows/CinemachineColliderPrefs.cs") state(2)
Script is not up to date after domain reload: guid(36baaa8bdcb9d8b49b9199833965d2c3) path("Packages/com.unity.cinemachine/Runtime/Core/CinemachineBlenderSettings.cs") state(2)
Script is not up to date after domain reload: guid(002b168e31e0479e8b470eb4c02d87cf) path("Packages/com.unity.cinemachine/Editor/Editors/CinemachineConfiner2DEditor.cs") state(2)
Script is not up to date after domain reload: guid(1186b8795dc3fc84e8ec53bd314d8e91) path("Packages/com.unity.cinemachine/Editor/Editors/CinemachinePOVEditor.cs") state(2)
Script is not up to date after domain reload: guid(ac0b09e7857660247b1477e93731de29) path("Packages/com.unity.cinemachine/Runtime/Behaviours/CinemachinePipeline.cs") state(2)
Script is not up to date after domain reload: guid(eb8e037cb3f873743a725427c8c22342) path("Packages/com.unity.cinemachine/Editor/Editors/CinemachineTargetGroupEditor.cs") state(2)
Script is not up to date after domain reload: guid(bd6043bde05a7fc4cba197d06915c1e3) path("Packages/com.unity.cinemachine/Runtime/Components/Cinemachine3rdPersonFollow.cs") state(2)
Script is not up to date after domain reload: guid(557c6f70a7173744abaa3967b6da6f5d) path("Packages/com.unity.cinemachine/Runtime/Core/AxisState.cs") state(2)
Script is not up to date after domain reload: guid(a60d9407e2bb20e4ea00281b1e33eae7) path("Packages/com.unity.cinemachine/Editor/Utility/SerializedPropertyHelper.cs") state(2)
Script is not up to date after domain reload: guid(a200b19ca1a9685429ed7e043c28e904) path("Packages/com.unity.cinemachine/Runtime/Behaviours/CinemachineSmoothPath.cs") state(2)
Script is not up to date after domain reload: guid(247be52eadac5044e9f8b7b4d8d0ada9) path("Packages/com.unity.cinemachine/Editor/Editors/CinemachineOrbitalTransposerEditor.cs") state(2)
Script is not up to date after domain reload: guid(dec69862942cc9744ade63216979cafd) path("Packages/com.unity.cinemachine/Editor/PostProcessing/CinemachinePostProcessingEditor.cs") state(2)
Script is not up to date after domain reload: guid(961772e8b1d75dd4a915fb8a236d5a8a) path("Packages/com.unity.cinemachine/Runtime/Timeline/CinemachineMixer.cs") state(2)
Script is not up to date after domain reload: guid(6cef82e891a45884fb2b70604b0f8c29) path("Packages/com.unity.cinemachine/Runtime/Core/Predictor.cs") state(2)
Script is not up to date after domain reload: guid(f3984bf8b42bf0040b49d95de1a2990f) path("Packages/com.unity.cinemachine/Runtime/Core/TargetPositionCache.cs") state(2)
Script is not up to date after domain reload: guid(0c11265b855408d42af33d62691f5194) path("Packages/com.unity.cinemachine/Runtime/Impulse/CinemachineIndependentImpulseListener.cs") state(2)
Script is not up to date after domain reload: guid(0f7633c93f0364a418841eeb8b058634) path("Packages/com.unity.cinemachine/Runtime/Components/CinemachineGroupComposer.cs") state(2)
Script is not up to date after domain reload: guid(54b24e51e2a9fa242b38d80ee11f3b2d) path("Packages/com.unity.cinemachine/Editor/Menus/CinemachineMenu.cs") state(2)
Script is not up to date after domain reload: guid(9ce16cd7e31794b48b2843381cd87d31) path("Packages/com.unity.cinemachine/Editor/Editors/CinemachineHardLookAtEditor.cs") state(2)
Script is not up to date after domain reload: guid(2588cc5dedbb75e49a44aada63f7b939) path("Packages/com.unity.cinemachine/Runtime/Behaviours/Cinemachine3rdPersonAim.cs") state(2)
Script is not up to date after domain reload: guid(1ff9d8296ed1f02419bf4f417ff2265e) path("Packages/com.unity.cinemachine/Editor/Editors/CinemachineBlenderSettingsEditor.cs") state(2)
Script is not up to date after domain reload: guid(1123a444101eb774ba7490990b50736a) path("Packages/com.unity.cinemachine/Editor/Editors/CinemachineSmoothPathEditor.cs") state(2)
Script is not up to date after domain reload: guid(36d1163fa822e8b418a0a603ec078d5c) path("Packages/com.unity.cinemachine/Runtime/Components/CinemachineHardLockToTarget.cs") state(2)
Script is not up to date after domain reload: guid(711aad28b4057bd4783120e26ff2ee25) path("Packages/com.unity.cinemachine/Editor/Editors/CinemachineBrainEditor.cs") state(2)
Script is not up to date after domain reload: guid(2bb09c3bc24a82648a2e4fc008a28d8b) path("Packages/com.unity.cinemachine/Editor/Editors/CinemachineComposerEditor.cs") state(2)
Script is not up to date after domain reload: guid(6036af5730313e54699c5a693891fe90) path("Packages/com.unity.cinemachine/Editor/Editors/CinemachineClearShotEditor.cs") state(2)
Script is not up to date after domain reload: guid(cd438dd108a0f284aa931a2da434f1d3) path("Packages/com.unity.cinemachine/Runtime/Impulse/CinemachineCollisionImpulseSource.cs") state(2)
Script is not up to date after domain reload: guid(3c9beda531928fc40968802117a5d256) path("Packages/com.unity.cinemachine/Runtime/Components/CinemachinePOV.cs") state(2)
Script is not up to date after domain reload: guid(6f519ca69bd041a48f57459cc0388d67) path("Packages/com.unity.cinemachine/Tests/Runtime/LookaheadTests.cs") state(2)
Script is not up to date after domain reload: guid(68839a4bf8790cd449d4043f5efb5aec) path("Packages/com.unity.cinemachine/Runtime/Core/GaussianFilter.cs") state(2)
Script is not up to date after domain reload: guid(ab4b083fcd6654652a9b8d3378e6e1b6) path("Packages/com.unity.cinemachine/Tests/Editor/ScriptableObjectUtilityTests.cs") state(2)
Script is not up to date after domain reload: guid(c2a918f460a69394eb9726b31e1d404c) path("Packages/com.unity.cinemachine/Runtime/Core/CameraState.cs") state(2)
Script is not up to date after domain reload: guid(933e2b6843fbbbc4c8cabeead6fc1fae) path("Packages/com.unity.cinemachine/Editor/Experimental/CinemachineNewFreeLookEditor.cs") state(2)
Script is not up to date after domain reload: guid(d55eb8ce57dc4a73a25400be00c73dd9) path("Packages/com.unity.cinemachine/Tests/Runtime/CinemachineFixtureBase.cs") state(2)
Script is not up to date after domain reload: guid(2643ac9881a89594a80c242b565b34ec) path("Packages/com.unity.cinemachine/Runtime/Core/ICinemachineCamera.cs") state(2)
Script is not up to date after domain reload: guid(b56f2475416eeea4c916add2d7268ad1) path("Packages/com.unity.cinemachine/Editor/Impulse/CinemachineImpulseSourceEditor.cs") state(2)
Script is not up to date after domain reload: guid(87edaa385191f4e43ac1e2831a02159f) path("Packages/com.unity.cinemachine/Editor/Utility/CinemachineLensPresets.cs") state(2)
Script is not up to date after domain reload: guid(d30409ab90458e5409807c8b0274ac9c) path("Packages/com.unity.cinemachine/Editor/Utility/EmbeddedAssetHelpers.cs") state(2)
Script is not up to date after domain reload: guid(db5edec2468b14d10a01db48c2937431) path("Packages/com.unity.cinemachine/Tests/Editor/AxisStateTests.cs") state(2)
Script is not up to date after domain reload: guid(137fce2acc78adb45b30ac59c3b89b11) path("Packages/com.unity.cinemachine/Editor/Editors/Cinemachine3rdPersonFollowEditor.cs") state(2)
Script is not up to date after domain reload: guid(729aad4491e915a41bda2b8325cf757a) path("Packages/com.unity.cinemachine/Runtime/PostProcessing/CinemachinePostProcessing.cs") state(2)
Script is not up to date after domain reload: guid(b2f73bdc979030e419f33c10913639cc) path("Packages/com.unity.cinemachine/Runtime/Core/CinemachineComponentBase.cs") state(2)
Script is not up to date after domain reload: guid(72ece51f2901e7445ab60da3685d6b5f) path("Packages/com.unity.cinemachine/Runtime/Behaviours/CinemachineBrain.cs") state(2)
Script is not up to date after domain reload: guid(5778d22ca832d9f47b5e73a8c5fe78a2) path("Packages/com.unity.cinemachine/Runtime/Core/LensSettings.cs") state(2)
Script is not up to date after domain reload: guid(a63f9f2267c36684e855add13ad5499f) path("Packages/com.unity.cinemachine/Editor/Editors/CinemachineVirtualCameraEditor.cs") state(2)
Script is not up to date after domain reload: guid(d3dc6006ce5a4d4b8d3db4b51c73d9a2) path("Packages/com.unity.cinemachine/Tests/Runtime/StateDrivenCameraTests.cs") state(2)
Script is not up to date after domain reload: guid(6868af9e141204bb492578e43ffb69f1) path("Packages/com.unity.cinemachine/Tests/Runtime/CamerasBlendingTests.cs") state(2)
Script is not up to date after domain reload: guid(12a60b3365a7d424cbc3f935bd1ed799) path("Packages/com.unity.cinemachine/Editor/PostProcessing/CinemachineVolumeSettingsEditor.cs") state(2)
Script is not up to date after domain reload: guid(a1728508674789b4e8539a2ad08ebc3f) path("Packages/com.unity.cinemachine/Editor/Impulse/CinemachineImpulseChannels.cs") state(2)
Script is not up to date after domain reload: guid(2c760cb7073c57e44959f36cbed8ed39) path("Packages/com.unity.cinemachine/Runtime/Core/CinemachinePropertyAttribute.cs") state(2)
Script is not up to date after domain reload: guid(24ec24775a1b45e4ea81ac13002dee32) path("Packages/com.unity.cinemachine/Editor/Utility/SaveDuringPlay.cs") state(2)
Script is not up to date after domain reload: guid(4fa53a91a43ae1a4bbf6b29961b45c38) path("Packages/com.unity.cinemachine/Runtime/Core/CinemachineExtension.cs") state(2)
Script is not up to date after domain reload: guid(8a55c5521f6ab4af298e86f0cda02006) path("Packages/com.unity.cinemachine/Editor/Utility/CinemachineSceneTools.cs") state(2)
Script is not up to date after domain reload: guid(91618bd9ae854bccb009be5799b14b49) path("Packages/com.unity.cinemachine/Tests/Runtime/FreelookForcePositionTests.cs") state(2)
Script is not up to date after domain reload: guid(a5969901aa40942499363f92e3787110) path("Packages/com.unity.cinemachine/Runtime/Impulse/CinemachineFixedSignal.cs") state(2)
Script is not up to date after domain reload: guid(fa7155796051b734daa718462081dc5f) path("Packages/com.unity.cinemachine/Runtime/Components/CinemachineTransposer.cs") state(2)
Script is not up to date after domain reload: guid(90fb794a295e73545af71bcdb7375791) path("Packages/com.unity.cinemachine/Runtime/Timeline/CinemachineShot.cs") state(2)
Script is not up to date after domain reload: guid(c88d2a04cc828c044b0fcc133fd481e6) path("Packages/com.unity.cinemachine/Editor/Editors/CinemachinePathEditor.cs") state(2)
Script is not up to date after domain reload: guid(418e42c7d0405cc48a7b83f63ea53bb3) path("Packages/com.unity.cinemachine/Runtime/Components/CinemachineTrackedDolly.cs") state(2)
Script is not up to date after domain reload: guid(8000e8170b5e1374c9503b5255ccc7e8) path("Packages/com.unity.cinemachine/Editor/Editors/CinemachineNoiseSettingsEditor.cs") state(2)
Script is not up to date after domain reload: guid(bd920fe83f1086148a2b401f3e66528f) path("Packages/com.unity.cinemachine/Runtime/Experimental/CinemachineNewFreeLook.cs") state(2)
Script is not up to date after domain reload: guid(ba59c38a116ff2f4fb69f825ba0da3bc) path("Packages/com.unity.cinemachine/Editor/Utility/ScriptableObjectUtility.cs") state(2)
Script is not up to date after domain reload: guid(325a6a3050a061e4b8aa51386c30e8e1) path("Packages/com.unity.cinemachine/Runtime/Behaviours/CinemachineStateDrivenCamera.cs") state(2)
Script is not up to date after domain reload: guid(dc4f6be45bb140019008b7ceafec1edc) path("Packages/com.unity.cinemachine/Tests/Runtime/ClearShotTests.cs") state(2)
Script is not up to date after domain reload: guid(829b8a241d4653446a2cb2436c262305) path("Packages/com.unity.cinemachine/Runtime/Impulse/CinemachineImpulseDefinition.cs") state(2)
Script is not up to date after domain reload: guid(4b0a256055e11cf4999a9ee9e8b0db2a) path("Packages/com.unity.cinemachine/Editor/PropertyDrawers/VcamTargetPropertyDrawer.cs") state(2)
Script is not up to date after domain reload: guid(a8725b08dfa3851468b1f029bb53c966) path("Packages/com.unity.cinemachine/Editor/Windows/WaveformWindow.cs") state(2)
Script is not up to date after domain reload: guid(0803634542916d8498caef53ed5604db) path("Packages/com.unity.cinemachine/Editor/Impulse/CinemachineImpulseChannelPropertyDrawer.cs") state(2)
Script is not up to date after domain reload: guid(6d862fce0b0707949bb86058d777b116) path("Packages/com.unity.cinemachine/Runtime/Core/CinemachineInputAxisDriver.cs") state(2)
Script is not up to date after domain reload: guid(4692eb7a7fa5c53458eb32a04df6c6a0) path("Packages/com.unity.cinemachine/Editor/Experimental/CinemachineNewVirtualCameraEditor.cs") state(2)
Script is not up to date after domain reload: guid(4700f9f03ad19f94baf0367cb7a9c988) path("Packages/com.unity.cinemachine/Runtime/Behaviours/CinemachineFollowZoom.cs") state(2)
Script is not up to date after domain reload: guid(f23d52331ea559841a7b7c27ca58037c) path("Packages/com.unity.cinemachine/Editor/Timeline/CinemachineShotClipEditor.cs") state(2)
Script is not up to date after domain reload: guid(c7d73314dfe49f8458398c6dc8edcda8) path("Packages/com.unity.cinemachine/Runtime/Core/CinemachineCore.cs") state(2)
Refreshing native plugins compatible for Editor in 8.39 ms, found 4 plugins.
Preloading 0 native plugins for Editor in 0.00 ms.
Unloading 5531 Unused Serialized files (Serialized files now loaded: 0)
Unloading 61 unused Assets / (0.9 MB). Loaded Objects now: 6162.
Memory consumption went from 213.8 MB to 212.9 MB.
Total: 9.405800 ms (FindLiveObjects: 1.257700 ms CreateObjectMapping: 1.234800 ms MarkObjects: 5.975000 ms  DeleteObjects: 0.936200 ms)

Prepare: number of updated asset objects reloaded= 0
AssetImportParameters requested are different than current active one (requested -> active):
  custom:container-demuxer-ogg: 62fdf1f143b41e24485cea50d1cbac27 -> 
  custom:video-decoder-ogg-theora: a1e56fd34408186e4bbccfd4996cb3dc -> 
  custom:framework-win-MediaFoundation: 216162199b28c13a410421893ffa2e32 -> 
  custom:CustomObjectIndexerAttribute: a3ef5dd2817f97addfee359851a9dba5 -> 
  custom:container-demuxer-webm: 4f35f7cbe854078d1ac9338744f61a02 -> 
  custom:container-muxer-webm: aa71ff27fc2769a1b78a27578f13a17b -> 
  custom:video-decoder-webm-vp8: 9c59270c3fd7afecdb556c50c9e8de78 -> 
  custom:SearchIndexIgnoredProperties: e643bd26f0fe6173181afceb89e7c659 -> 
  custom:AudioImporter_EditorPlatform: d09bf68614088b80899f8185d706f6e7 -> 
  custom:video-encoder-webm-vp8: eb34c28f22e8b96e1ab97ce403110664 -> 
  custom:audio-decoder-ogg-vorbis: bf7c407c2cedff20999df2af8eb42d56 -> 
  custom:audio-encoder-webm-vorbis: bf7c407c2cedff20999df2af8eb42d56 -> 
========================================================================
Received Prepare
Begin MonoManager ReloadAssembly
- Loaded All Assemblies, in  1.287 seconds
Refreshing native plugins compatible for Editor in 6.32 ms, found 4 plugins.
Native extension for WindowsStandalone target not found
Native extension for Android target not found
Native extension for WebGL target not found
Mono: successfully reloaded assembly
- Finished resetting the current domain, in  2.507 seconds
Domain Reload Profiling: 3784ms
	BeginReloadAssembly (463ms)
		ExecutionOrderSort (0ms)
		DisableScriptedObjects (45ms)
		BackupInstance (0ms)
		ReleaseScriptingObjects (0ms)
		CreateAndSetChildDomain (156ms)
	RebuildCommonClasses (177ms)
	RebuildNativeTypeToScriptingClass (26ms)
	initialDomainReloadingComplete (93ms)
	LoadAllAssembliesAndSetupDomain (518ms)
		LoadAssemblies (670ms)
		RebuildTransferFunctionScriptingTraits (0ms)
		AnalyzeDomain (61ms)
			TypeCache.Refresh (21ms)
				TypeCache.ScanAssembly (7ms)
			ScanForSourceGeneratedMonoScriptInfo (25ms)
			ResolveRequiredComponents (15ms)
	FinalizeReload (2507ms)
		ReleaseScriptCaches (0ms)
		RebuildScriptCaches (0ms)
		SetupLoadedEditorAssemblies (1066ms)
			LogAssemblyErrors (0ms)
			InitializePlatformSupportModulesInManaged (56ms)
			SetLoadedEditorAssemblies (17ms)
			RefreshPlugins (0ms)
			BeforeProcessingInitializeOnLoad (133ms)
			ProcessInitializeOnLoadAttributes (657ms)
			ProcessInitializeOnLoadMethodAttributes (193ms)
			AfterProcessingInitializeOnLoad (10ms)
			EditorAssembliesLoaded (0ms)
		ExecutionOrderSort2 (0ms)
		AwakeInstancesAfterBackupRestoration (16ms)
Refreshing native plugins compatible for Editor in 5.66 ms, found 4 plugins.
Preloading 0 native plugins for Editor in 0.00 ms.
Unloading 5695 Unused Serialized files (Serialized files now loaded: 0)
Unloading 63 unused Assets / (1.0 MB). Loaded Objects now: 6341.
Memory consumption went from 219.3 MB to 218.3 MB.
Total: 5.358300 ms (FindLiveObjects: 0.768300 ms CreateObjectMapping: 0.791900 ms MarkObjects: 3.291000 ms  DeleteObjects: 0.505500 ms)

Prepare: number of updated asset objects reloaded= 0
AssetImportParameters requested are different than current active one (requested -> active):
  custom:container-demuxer-ogg: 62fdf1f143b41e24485cea50d1cbac27 -> 
  custom:video-decoder-ogg-theora: a1e56fd34408186e4bbccfd4996cb3dc -> 
  custom:framework-win-MediaFoundation: 216162199b28c13a410421893ffa2e32 -> 
  custom:CustomObjectIndexerAttribute: a3ef5dd2817f97addfee359851a9dba5 -> 
  custom:container-demuxer-webm: 4f35f7cbe854078d1ac9338744f61a02 -> 
  custom:container-muxer-webm: aa71ff27fc2769a1b78a27578f13a17b -> 
  custom:video-decoder-webm-vp8: 9c59270c3fd7afecdb556c50c9e8de78 -> 
  custom:SearchIndexIgnoredProperties: e643bd26f0fe6173181afceb89e7c659 -> 
  custom:AudioImporter_EditorPlatform: d09bf68614088b80899f8185d706f6e7 -> 
  custom:video-encoder-webm-vp8: eb34c28f22e8b96e1ab97ce403110664 -> 
  custom:audio-decoder-ogg-vorbis: bf7c407c2cedff20999df2af8eb42d56 -> 
  custom:audio-encoder-webm-vorbis: bf7c407c2cedff20999df2af8eb42d56 -> 
========================================================================
Received Prepare
Begin MonoManager ReloadAssembly
- Loaded All Assemblies, in  0.709 seconds
Refreshing native plugins compatible for Editor in 5.98 ms, found 4 plugins.
Native extension for WindowsStandalone target not found
Native extension for Android target not found
Native extension for WebGL target not found
Mono: successfully reloaded assembly
- Finished resetting the current domain, in  3.819 seconds
Domain Reload Profiling: 4519ms
	BeginReloadAssembly (253ms)
		ExecutionOrderSort (0ms)
		DisableScriptedObjects (18ms)
		BackupInstance (0ms)
		ReleaseScriptingObjects (0ms)
		CreateAndSetChildDomain (71ms)
	RebuildCommonClasses (53ms)
	RebuildNativeTypeToScriptingClass (19ms)
	initialDomainReloadingComplete (47ms)
	LoadAllAssembliesAndSetupDomain (329ms)
		LoadAssemblies (429ms)
		RebuildTransferFunctionScriptingTraits (0ms)
		AnalyzeDomain (21ms)
			TypeCache.Refresh (7ms)
				TypeCache.ScanAssembly (0ms)
			ScanForSourceGeneratedMonoScriptInfo (0ms)
			ResolveRequiredComponents (12ms)
	FinalizeReload (3819ms)
		ReleaseScriptCaches (0ms)
		RebuildScriptCaches (0ms)
		SetupLoadedEditorAssemblies (1542ms)
			LogAssemblyErrors (0ms)
			InitializePlatformSupportModulesInManaged (77ms)
			SetLoadedEditorAssemblies (17ms)
			RefreshPlugins (0ms)
			BeforeProcessingInitializeOnLoad (221ms)
			ProcessInitializeOnLoadAttributes (1105ms)
			ProcessInitializeOnLoadMethodAttributes (110ms)
			AfterProcessingInitializeOnLoad (11ms)
			EditorAssembliesLoaded (1ms)
		ExecutionOrderSort2 (0ms)
		AwakeInstancesAfterBackupRestoration (23ms)
Refreshing native plugins compatible for Editor in 6.01 ms, found 4 plugins.
Preloading 0 native plugins for Editor in 0.00 ms.
Unloading 5695 Unused Serialized files (Serialized files now loaded: 0)
Unloading 63 unused Assets / (1.0 MB). Loaded Objects now: 6358.
Memory consumption went from 221.2 MB to 220.3 MB.
Total: 4.626300 ms (FindLiveObjects: 0.592000 ms CreateObjectMapping: 0.561900 ms MarkObjects: 2.973300 ms  DeleteObjects: 0.497700 ms)

Prepare: number of updated asset objects reloaded= 0
AssetImportParameters requested are different than current active one (requested -> active):
  custom:container-demuxer-ogg: 62fdf1f143b41e24485cea50d1cbac27 -> 
  custom:video-decoder-ogg-theora: a1e56fd34408186e4bbccfd4996cb3dc -> 
  custom:framework-win-MediaFoundation: 216162199b28c13a410421893ffa2e32 -> 
  custom:CustomObjectIndexerAttribute: a3ef5dd2817f97addfee359851a9dba5 -> 
  custom:container-demuxer-webm: 4f35f7cbe854078d1ac9338744f61a02 -> 
  custom:container-muxer-webm: aa71ff27fc2769a1b78a27578f13a17b -> 
  custom:video-decoder-webm-vp8: 9c59270c3fd7afecdb556c50c9e8de78 -> 
  custom:SearchIndexIgnoredProperties: e643bd26f0fe6173181afceb89e7c659 -> 
  custom:AudioImporter_EditorPlatform: d09bf68614088b80899f8185d706f6e7 -> 
  custom:video-encoder-webm-vp8: eb34c28f22e8b96e1ab97ce403110664 -> 
  custom:audio-decoder-ogg-vorbis: bf7c407c2cedff20999df2af8eb42d56 -> 
  custom:audio-encoder-webm-vorbis: bf7c407c2cedff20999df2af8eb42d56 -> 
========================================================================
Received Prepare
Begin MonoManager ReloadAssembly
- Loaded All Assemblies, in  0.757 seconds
Refreshing native plugins compatible for Editor in 6.15 ms, found 4 plugins.
Native extension for WindowsStandalone target not found
Native extension for Android target not found
Native extension for WebGL target not found
Mono: successfully reloaded assembly
- Finished resetting the current domain, in  3.393 seconds
Domain Reload Profiling: 4142ms
	BeginReloadAssembly (247ms)
		ExecutionOrderSort (0ms)
		DisableScriptedObjects (12ms)
		BackupInstance (0ms)
		ReleaseScriptingObjects (0ms)
		CreateAndSetChildDomain (70ms)
	RebuildCommonClasses (39ms)
	RebuildNativeTypeToScriptingClass (18ms)
	initialDomainReloadingComplete (47ms)
	LoadAllAssembliesAndSetupDomain (397ms)
		LoadAssemblies (483ms)
		RebuildTransferFunctionScriptingTraits (0ms)
		AnalyzeDomain (35ms)
			TypeCache.Refresh (13ms)
				TypeCache.ScanAssembly (0ms)
			ScanForSourceGeneratedMonoScriptInfo (0ms)
			ResolveRequiredComponents (20ms)
	FinalizeReload (3394ms)
		ReleaseScriptCaches (0ms)
		RebuildScriptCaches (0ms)
		SetupLoadedEditorAssemblies (1494ms)
			LogAssemblyErrors (0ms)
			InitializePlatformSupportModulesInManaged (91ms)
			SetLoadedEditorAssemblies (13ms)
			RefreshPlugins (0ms)
			BeforeProcessingInitializeOnLoad (196ms)
			ProcessInitializeOnLoadAttributes (999ms)
			ProcessInitializeOnLoadMethodAttributes (179ms)
			AfterProcessingInitializeOnLoad (15ms)
			EditorAssembliesLoaded (1ms)
		ExecutionOrderSort2 (0ms)
		AwakeInstancesAfterBackupRestoration (34ms)
Refreshing native plugins compatible for Editor in 5.79 ms, found 4 plugins.
Preloading 0 native plugins for Editor in 0.00 ms.
Unloading 5695 Unused Serialized files (Serialized files now loaded: 0)
Unloading 63 unused Assets / (1.0 MB). Loaded Objects now: 6375.
Memory consumption went from 223.2 MB to 222.2 MB.
Total: 4.702000 ms (FindLiveObjects: 0.516300 ms CreateObjectMapping: 0.564800 ms MarkObjects: 3.084300 ms  DeleteObjects: 0.535200 ms)

Prepare: number of updated asset objects reloaded= 0
AssetImportParameters requested are different than current active one (requested -> active):
  custom:container-demuxer-ogg: 62fdf1f143b41e24485cea50d1cbac27 -> 
  custom:video-decoder-ogg-theora: a1e56fd34408186e4bbccfd4996cb3dc -> 
  custom:framework-win-MediaFoundation: 216162199b28c13a410421893ffa2e32 -> 
  custom:CustomObjectIndexerAttribute: a3ef5dd2817f97addfee359851a9dba5 -> 
  custom:container-demuxer-webm: 4f35f7cbe854078d1ac9338744f61a02 -> 
  custom:container-muxer-webm: aa71ff27fc2769a1b78a27578f13a17b -> 
  custom:video-decoder-webm-vp8: 9c59270c3fd7afecdb556c50c9e8de78 -> 
  custom:SearchIndexIgnoredProperties: e643bd26f0fe6173181afceb89e7c659 -> 
  custom:AudioImporter_EditorPlatform: d09bf68614088b80899f8185d706f6e7 -> 
  custom:video-encoder-webm-vp8: eb34c28f22e8b96e1ab97ce403110664 -> 
  custom:audio-decoder-ogg-vorbis: bf7c407c2cedff20999df2af8eb42d56 -> 
  custom:audio-encoder-webm-vorbis: bf7c407c2cedff20999df2af8eb42d56 -> 
