Using pre-set license
Built from '2022.3/staging' branch; Version is '2022.3.13f1 (5f90a5ebde0f) revision 6262949'; Using compiler version '192829333'; Build Type 'Release'
OS: 'Windows 11  (10.0.22631) 64bit Education' Language: 'fi' Physical Memory: 16105 MB
BatchMode: 1, IsHumanControllingUs: 0, StartBugReporterOnCrash: 0, Is64bit: 1, IsPro: 1

COMMAND LINE ARGUMENTS:
C:\Program Files\Unity\Hub\Editor\2022.3.13f1\Editor\Unity.exe
-adb2
-batchMode
-noUpm
-name
AssetImportWorker0
-projectPath
C:/Users/jesse.makela5/Documents/TopDownActionShooter/taitaja25SF
-logFile
Logs/AssetImportWorker0.log
-srvPort
57688
Successfully changed project path to: C:/Users/jesse.makela5/Documents/TopDownActionShooter/taitaja25SF
C:/Users/jesse.makela5/Documents/TopDownActionShooter/taitaja25SF
[UnityMemory] Configuration Parameters - Can be set up in boot.config
    "memorysetup-bucket-allocator-granularity=16"
    "memorysetup-bucket-allocator-bucket-count=8"
    "memorysetup-bucket-allocator-block-size=33554432"
    "memorysetup-bucket-allocator-block-count=8"
    "memorysetup-main-allocator-block-size=16777216"
    "memorysetup-thread-allocator-block-size=16777216"
    "memorysetup-gfx-main-allocator-block-size=16777216"
    "memorysetup-gfx-thread-allocator-block-size=16777216"
    "memorysetup-cache-allocator-block-size=4194304"
    "memorysetup-typetree-allocator-block-size=2097152"
    "memorysetup-profiler-bucket-allocator-granularity=16"
    "memorysetup-profiler-bucket-allocator-bucket-count=8"
    "memorysetup-profiler-bucket-allocator-block-size=33554432"
    "memorysetup-profiler-bucket-allocator-block-count=8"
    "memorysetup-profiler-allocator-block-size=16777216"
    "memorysetup-profiler-editor-allocator-block-size=1048576"
    "memorysetup-temp-allocator-size-main=16777216"
    "memorysetup-job-temp-allocator-block-size=2097152"
    "memorysetup-job-temp-allocator-block-size-background=1048576"
    "memorysetup-job-temp-allocator-reduction-small-platforms=262144"
    "memorysetup-allocator-temp-initial-block-size-main=262144"
    "memorysetup-allocator-temp-initial-block-size-worker=262144"
    "memorysetup-temp-allocator-size-background-worker=32768"
    "memorysetup-temp-allocator-size-job-worker=262144"
    "memorysetup-temp-allocator-size-preload-manager=33554432"
    "memorysetup-temp-allocator-size-nav-mesh-worker=65536"
    "memorysetup-temp-allocator-size-audio-worker=65536"
    "memorysetup-temp-allocator-size-cloud-worker=32768"
    "memorysetup-temp-allocator-size-gi-baking-worker=262144"
    "memorysetup-temp-allocator-size-gfx=262144"
Player connection [10712] Host "[IP] 10.146.201.19 [Port] 0 [Flags] 2 [Guid] 3359920599 [EditorId] 3359920599 [Version] 1048832 [Id] WindowsEditor(7,HERS4045AIO08) [Debug] 1 [PackageName] WindowsEditor [ProjectName] Editor" joined multi-casting on [225.0.0.222:54997]...

Player connection [10712] Host "[IP] 10.146.201.19 [Port] 0 [Flags] 2 [Guid] 3359920599 [EditorId] 3359920599 [Version] 1048832 [Id] WindowsEditor(7,HERS4045AIO08) [Debug] 1 [PackageName] WindowsEditor [ProjectName] Editor" joined alternative multi-casting on [225.0.0.222:34997]...

[Physics::Module] Initialized MultithreadedJobDispatcher with 11 workers.
Refreshing native plugins compatible for Editor in 3278.70 ms, found 4 plugins.
Preloading 0 native plugins for Editor in 0.00 ms.
Initialize engine version: 2022.3.13f1 (5f90a5ebde0f)
[Subsystems] Discovering subsystems at path C:/Program Files/Unity/Hub/Editor/2022.3.13f1/Editor/Data/Resources/UnitySubsystems
[Subsystems] Discovering subsystems at path C:/Users/jesse.makela5/Documents/TopDownActionShooter/taitaja25SF/Assets
GfxDevice: creating device client; threaded=0; jobified=0
Direct3D:
    Version:  Direct3D 11.0 [level 11.1]
    Renderer: Intel(R) UHD Graphics 630 (ID=0x9bc8)
    Vendor:   Intel
    VRAM:     8052 MB
    Driver:   30.0.101.1692
Initialize mono
Mono path[0] = 'C:/Program Files/Unity/Hub/Editor/2022.3.13f1/Editor/Data/Managed'
Mono path[1] = 'C:/Program Files/Unity/Hub/Editor/2022.3.13f1/Editor/Data/MonoBleedingEdge/lib/mono/unityjit-win32'
Mono config path = 'C:/Program Files/Unity/Hub/Editor/2022.3.13f1/Editor/Data/MonoBleedingEdge/etc'
Using monoOptions --debugger-agent=transport=dt_socket,embedding=1,server=y,suspend=n,address=127.0.0.1:56040
Begin MonoManager ReloadAssembly
Registering precompiled unity dll's ...
Register platform support module: C:/Program Files/Unity/Hub/Editor/2022.3.13f1/Editor/Data/PlaybackEngines/AndroidPlayer/UnityEditor.Android.Extensions.dll
Register platform support module: C:/Program Files/Unity/Hub/Editor/2022.3.13f1/Editor/Data/PlaybackEngines/WindowsStandaloneSupport/UnityEditor.WindowsStandalone.Extensions.dll
Registered in 0.581019 seconds.
- Loaded All Assemblies, in 14.527 seconds
Native extension for WindowsStandalone target not found
Native extension for Android target not found
Mono: successfully reloaded assembly
- Finished resetting the current domain, in  0.615 seconds
Domain Reload Profiling: 15140ms
	BeginReloadAssembly (10272ms)
		ExecutionOrderSort (0ms)
		DisableScriptedObjects (0ms)
		BackupInstance (0ms)
		ReleaseScriptingObjects (0ms)
		CreateAndSetChildDomain (1ms)
	RebuildCommonClasses (964ms)
	RebuildNativeTypeToScriptingClass (14ms)
	initialDomainReloadingComplete (656ms)
	LoadAllAssembliesAndSetupDomain (2618ms)
		LoadAssemblies (10270ms)
		RebuildTransferFunctionScriptingTraits (0ms)
		AnalyzeDomain (2614ms)
			TypeCache.Refresh (2612ms)
				TypeCache.ScanAssembly (2113ms)
			ScanForSourceGeneratedMonoScriptInfo (1ms)
			ResolveRequiredComponents (1ms)
	FinalizeReload (616ms)
		ReleaseScriptCaches (0ms)
		RebuildScriptCaches (0ms)
		SetupLoadedEditorAssemblies (531ms)
			LogAssemblyErrors (0ms)
			InitializePlatformSupportModulesInManaged (317ms)
			SetLoadedEditorAssemblies (5ms)
			RefreshPlugins (0ms)
			BeforeProcessingInitializeOnLoad (3ms)
			ProcessInitializeOnLoadAttributes (134ms)
			ProcessInitializeOnLoadMethodAttributes (71ms)
			AfterProcessingInitializeOnLoad (0ms)
			EditorAssembliesLoaded (0ms)
		ExecutionOrderSort2 (0ms)
		AwakeInstancesAfterBackupRestoration (0ms)
========================================================================
Worker process is ready to serve import requests
Begin MonoManager ReloadAssembly
- Loaded All Assemblies, in 14.227 seconds
Refreshing native plugins compatible for Editor in 6.91 ms, found 4 plugins.
Native extension for WindowsStandalone target not found
Native extension for Android target not found
Mono: successfully reloaded assembly
- Finished resetting the current domain, in  1.087 seconds
Domain Reload Profiling: 15309ms
	BeginReloadAssembly (219ms)
		ExecutionOrderSort (0ms)
		DisableScriptedObjects (6ms)
		BackupInstance (0ms)
		ReleaseScriptingObjects (0ms)
		CreateAndSetChildDomain (31ms)
	RebuildCommonClasses (61ms)
	RebuildNativeTypeToScriptingClass (17ms)
	initialDomainReloadingComplete (53ms)
	LoadAllAssembliesAndSetupDomain (13872ms)
		LoadAssemblies (12922ms)
		RebuildTransferFunctionScriptingTraits (0ms)
		AnalyzeDomain (1091ms)
			TypeCache.Refresh (1037ms)
				TypeCache.ScanAssembly (936ms)
			ScanForSourceGeneratedMonoScriptInfo (34ms)
			ResolveRequiredComponents (17ms)
	FinalizeReload (1088ms)
		ReleaseScriptCaches (0ms)
		RebuildScriptCaches (0ms)
		SetupLoadedEditorAssemblies (826ms)
			LogAssemblyErrors (0ms)
			InitializePlatformSupportModulesInManaged (28ms)
			SetLoadedEditorAssemblies (6ms)
			RefreshPlugins (0ms)
			BeforeProcessingInitializeOnLoad (104ms)
			ProcessInitializeOnLoadAttributes (575ms)
			ProcessInitializeOnLoadMethodAttributes (103ms)
			AfterProcessingInitializeOnLoad (9ms)
			EditorAssembliesLoaded (0ms)
		ExecutionOrderSort2 (0ms)
		AwakeInstancesAfterBackupRestoration (10ms)
Launched and connected shader compiler UnityShaderCompiler.exe after 0.12 seconds
Refreshing native plugins compatible for Editor in 11.58 ms, found 4 plugins.
Preloading 0 native plugins for Editor in 0.00 ms.
Unloading 5864 Unused Serialized files (Serialized files now loaded: 0)
Unloading 99 unused Assets / (423.8 KB). Loaded Objects now: 6326.
Memory consumption went from 233.1 MB to 232.7 MB.
Total: 5.509900 ms (FindLiveObjects: 0.731600 ms CreateObjectMapping: 0.630900 ms MarkObjects: 3.710500 ms  DeleteObjects: 0.434600 ms)

AssetImportParameters requested are different than current active one (requested -> active):
  custom:container-demuxer-ogg: 62fdf1f143b41e24485cea50d1cbac27 -> 
  custom:video-decoder-ogg-theora: a1e56fd34408186e4bbccfd4996cb3dc -> 
  custom:framework-win-MediaFoundation: 216162199b28c13a410421893ffa2e32 -> 
  custom:CustomObjectIndexerAttribute: a3ef5dd2817f97addfee359851a9dba5 -> 
  custom:container-demuxer-webm: 4f35f7cbe854078d1ac9338744f61a02 -> 
  custom:container-muxer-webm: aa71ff27fc2769a1b78a27578f13a17b -> 
  custom:video-decoder-webm-vp8: 9c59270c3fd7afecdb556c50c9e8de78 -> 
  custom:SearchIndexIgnoredProperties: e643bd26f0fe6173181afceb89e7c659 -> 
  custom:AudioImporter_EditorPlatform: d09bf68614088b80899f8185d706f6e7 -> 
  custom:video-encoder-webm-vp8: eb34c28f22e8b96e1ab97ce403110664 -> 
  custom:audio-decoder-ogg-vorbis: bf7c407c2cedff20999df2af8eb42d56 -> 
  custom:audio-encoder-webm-vorbis: bf7c407c2cedff20999df2af8eb42d56 -> 
========================================================================
Received Import Request.
  Time since last request: 267174.213637 seconds.
  path: Assets/Audios/impactPunch_medium_004.ogg
  artifactKey: Guid(fef0a2bb7c180884490ce1925a162c0f) Importer(815301076,1909f56bfc062723c751e8b465ee728b)
Start importing Assets/Audios/impactPunch_medium_004.ogg using Guid(fef0a2bb7c180884490ce1925a162c0f) Importer(815301076,1909f56bfc062723c751e8b465ee728b)  -> (artifact id: 'a680acc11ce5f3b09e3c24df69469d71') in 0.098947 seconds
Number of updated asset objects reloaded before import = 0
Number of asset objects unloaded after import = 2
========================================================================
Received Import Request.
  Time since last request: 0.000040 seconds.
  path: Assets/Audios/impactTin_medium_002.ogg
  artifactKey: Guid(fb1ea4abc123a4f4e96ca07a7fe31333) Importer(815301076,1909f56bfc062723c751e8b465ee728b)
Start importing Assets/Audios/impactTin_medium_002.ogg using Guid(fb1ea4abc123a4f4e96ca07a7fe31333) Importer(815301076,1909f56bfc062723c751e8b465ee728b)  -> (artifact id: '1257f198b0d0e7db22e3ae63c10f8d80') in 0.021912 seconds
Number of updated asset objects reloaded before import = 0
Number of asset objects unloaded after import = 2
========================================================================
Received Import Request.
  Time since last request: 0.000022 seconds.
  path: Assets/Audios/impactGlass_light_001.ogg
  artifactKey: Guid(d472a1eb90ceee1449eb321f5530ffe7) Importer(815301076,1909f56bfc062723c751e8b465ee728b)
Start importing Assets/Audios/impactGlass_light_001.ogg using Guid(d472a1eb90ceee1449eb321f5530ffe7) Importer(815301076,1909f56bfc062723c751e8b465ee728b)  -> (artifact id: 'a0207d8b4ac967878a66ef8ce8233611') in 0.019465 seconds
Number of updated asset objects reloaded before import = 0
Number of asset objects unloaded after import = 2
========================================================================
Received Import Request.
  Time since last request: 0.000019 seconds.
  path: Assets/Audios/impactPunch_heavy_004.ogg
  artifactKey: Guid(bc66d180e0051794c9ec8f22188a0a05) Importer(815301076,1909f56bfc062723c751e8b465ee728b)
Start importing Assets/Audios/impactPunch_heavy_004.ogg using Guid(bc66d180e0051794c9ec8f22188a0a05) Importer(815301076,1909f56bfc062723c751e8b465ee728b)  -> (artifact id: '6796d82bd810920d9b1613e12ef404b3') in 0.021435 seconds
Number of updated asset objects reloaded before import = 0
Number of asset objects unloaded after import = 2
========================================================================
Received Import Request.
  Time since last request: 0.000015 seconds.
  path: Assets/Audios/footstep_wood_001.ogg
  artifactKey: Guid(05befe23660958f46ba81fe2cee0c195) Importer(815301076,1909f56bfc062723c751e8b465ee728b)
Start importing Assets/Audios/footstep_wood_001.ogg using Guid(05befe23660958f46ba81fe2cee0c195) Importer(815301076,1909f56bfc062723c751e8b465ee728b)  -> (artifact id: '9bb58937d2433048cdb323c743373aef') in 0.019035 seconds
Number of updated asset objects reloaded before import = 0
Number of asset objects unloaded after import = 2
========================================================================
Received Import Request.
  Time since last request: 0.000024 seconds.
  path: Assets/Audios/impactPlank_medium_000.ogg
  artifactKey: Guid(745ab5d8157f6db438dc86415d15c8a0) Importer(815301076,1909f56bfc062723c751e8b465ee728b)
Start importing Assets/Audios/impactPlank_medium_000.ogg using Guid(745ab5d8157f6db438dc86415d15c8a0) Importer(815301076,1909f56bfc062723c751e8b465ee728b)  -> (artifact id: '7456a48abc8682062e1f1622c9c39f14') in 0.021233 seconds
Number of updated asset objects reloaded before import = 0
Number of asset objects unloaded after import = 2
========================================================================
Received Import Request.
  Time since last request: 0.000019 seconds.
  path: Assets/Audios/impactPunch_heavy_001.ogg
  artifactKey: Guid(936371edab88cb743bf930a8c8021d91) Importer(815301076,1909f56bfc062723c751e8b465ee728b)
Start importing Assets/Audios/impactPunch_heavy_001.ogg using Guid(936371edab88cb743bf930a8c8021d91) Importer(815301076,1909f56bfc062723c751e8b465ee728b)  -> (artifact id: '95b614a5d5b8c53270d0e3f2af0c5055') in 0.022439 seconds
Number of updated asset objects reloaded before import = 0
Number of asset objects unloaded after import = 2
========================================================================
Received Import Request.
  Time since last request: 0.000019 seconds.
  path: Assets/Audios/impactGlass_heavy_000.ogg
  artifactKey: Guid(b0bb06450ce43f843aea3a42302cc849) Importer(815301076,1909f56bfc062723c751e8b465ee728b)
Start importing Assets/Audios/impactGlass_heavy_000.ogg using Guid(b0bb06450ce43f843aea3a42302cc849) Importer(815301076,1909f56bfc062723c751e8b465ee728b)  -> (artifact id: '9893a7393d1eb7bd27fdc51e7211c182') in 0.024135 seconds
Number of updated asset objects reloaded before import = 0
Number of asset objects unloaded after import = 2
========================================================================
Received Import Request.
  Time since last request: 0.000017 seconds.
  path: Assets/Audios/impactWood_heavy_003.ogg
  artifactKey: Guid(e6b7f64df8b38cb42bb1244d013414ee) Importer(815301076,1909f56bfc062723c751e8b465ee728b)
Start importing Assets/Audios/impactWood_heavy_003.ogg using Guid(e6b7f64df8b38cb42bb1244d013414ee) Importer(815301076,1909f56bfc062723c751e8b465ee728b)  -> (artifact id: '53e5c757379253de64f7cb079ef02a86') in 0.021896 seconds
Number of updated asset objects reloaded before import = 0
Number of asset objects unloaded after import = 2
========================================================================
Received Import Request.
  Time since last request: 0.000042 seconds.
  path: Assets/Audios/impactGlass_light_004.ogg
  artifactKey: Guid(0fd2bc49c165d024e8be136225a34f79) Importer(815301076,1909f56bfc062723c751e8b465ee728b)
Start importing Assets/Audios/impactGlass_light_004.ogg using Guid(0fd2bc49c165d024e8be136225a34f79) Importer(815301076,1909f56bfc062723c751e8b465ee728b)  -> (artifact id: 'a6c105c6d1840711a8026c85192a41c2') in 0.015367 seconds
Number of updated asset objects reloaded before import = 0
Number of asset objects unloaded after import = 2
========================================================================
Received Import Request.
  Time since last request: 0.000079 seconds.
  path: Assets/Audios/impactSoft_medium_001.ogg
  artifactKey: Guid(6d20542df29efc340a4a2c15033425a2) Importer(815301076,1909f56bfc062723c751e8b465ee728b)
Start importing Assets/Audios/impactSoft_medium_001.ogg using Guid(6d20542df29efc340a4a2c15033425a2) Importer(815301076,1909f56bfc062723c751e8b465ee728b)  -> (artifact id: '5c277d8341b4bbc4f87c298b70bfe136') in 0.023436 seconds
Number of updated asset objects reloaded before import = 0
Number of asset objects unloaded after import = 2
========================================================================
Received Import Request.
  Time since last request: 0.000018 seconds.
  path: Assets/Audios/impactMetal_light_003.ogg
  artifactKey: Guid(ec541e45a69255044950863bcfd8bd7a) Importer(815301076,1909f56bfc062723c751e8b465ee728b)
Start importing Assets/Audios/impactMetal_light_003.ogg using Guid(ec541e45a69255044950863bcfd8bd7a) Importer(815301076,1909f56bfc062723c751e8b465ee728b)  -> (artifact id: '560f041d0c4efb81d4b366fae59b9000') in 0.022129 seconds
Number of updated asset objects reloaded before import = 0
Number of asset objects unloaded after import = 2
========================================================================
Received Import Request.
  Time since last request: 0.000017 seconds.
  path: Assets/Audios/impactSoft_medium_004.ogg
  artifactKey: Guid(5838dc6ab8f81784caa28bdf973905d8) Importer(815301076,1909f56bfc062723c751e8b465ee728b)
Start importing Assets/Audios/impactSoft_medium_004.ogg using Guid(5838dc6ab8f81784caa28bdf973905d8) Importer(815301076,1909f56bfc062723c751e8b465ee728b)  -> (artifact id: '4986caf2035aa22db26e2d4b84be8977') in 0.023926 seconds
Number of updated asset objects reloaded before import = 0
Number of asset objects unloaded after import = 2
========================================================================
Received Import Request.
  Time since last request: 0.000126 seconds.
  path: Assets/Audios/footstep_snow_003.ogg
  artifactKey: Guid(5e3c03e3c3d74f34099f26ae51632de5) Importer(815301076,1909f56bfc062723c751e8b465ee728b)
Start importing Assets/Audios/footstep_snow_003.ogg using Guid(5e3c03e3c3d74f34099f26ae51632de5) Importer(815301076,1909f56bfc062723c751e8b465ee728b)  -> (artifact id: '83f830a931d891a16f29e537681a44ad') in 0.022602 seconds
Number of updated asset objects reloaded before import = 0
Number of asset objects unloaded after import = 2
========================================================================
Received Import Request.
  Time since last request: 0.000048 seconds.
  path: Assets/Audios/footstep_wood_002.ogg
  artifactKey: Guid(4be964ba298e0f04d872a37b21dddee7) Importer(815301076,1909f56bfc062723c751e8b465ee728b)
Start importing Assets/Audios/footstep_wood_002.ogg using Guid(4be964ba298e0f04d872a37b21dddee7) Importer(815301076,1909f56bfc062723c751e8b465ee728b)  -> (artifact id: '667e90f821a955fd11bb55ae71b1c46e') in 0.021874 seconds
Number of updated asset objects reloaded before import = 0
Number of asset objects unloaded after import = 2
========================================================================
Received Import Request.
  Time since last request: 0.000020 seconds.
  path: Assets/Audios/impactPlate_heavy_000.ogg
  artifactKey: Guid(aa1622a7bb31680489736ec621a9e0f3) Importer(815301076,1909f56bfc062723c751e8b465ee728b)
Start importing Assets/Audios/impactPlate_heavy_000.ogg using Guid(aa1622a7bb31680489736ec621a9e0f3) Importer(815301076,1909f56bfc062723c751e8b465ee728b)  -> (artifact id: '051a4d2d8888b1dd2a8dd5d1b9c0f49b') in 0.022528 seconds
Number of updated asset objects reloaded before import = 0
Number of asset objects unloaded after import = 2
========================================================================
Received Import Request.
  Time since last request: 0.000026 seconds.
  path: Assets/Audios/impactGeneric_light_004.ogg
  artifactKey: Guid(3546d2e746c091b429a15240cfecf59b) Importer(815301076,1909f56bfc062723c751e8b465ee728b)
Start importing Assets/Audios/impactGeneric_light_004.ogg using Guid(3546d2e746c091b429a15240cfecf59b) Importer(815301076,1909f56bfc062723c751e8b465ee728b)  -> (artifact id: 'ecd0052f64b69889319f92c57f299d75') in 0.029665 seconds
Number of updated asset objects reloaded before import = 0
Number of asset objects unloaded after import = 2
========================================================================
Received Import Request.
  Time since last request: 0.000035 seconds.
  path: Assets/Audios/impactMetal_heavy_000.ogg
  artifactKey: Guid(38f8b27d8dea80c4899d0657a964cc08) Importer(815301076,1909f56bfc062723c751e8b465ee728b)
Start importing Assets/Audios/impactMetal_heavy_000.ogg using Guid(38f8b27d8dea80c4899d0657a964cc08) Importer(815301076,1909f56bfc062723c751e8b465ee728b)  -> (artifact id: '6a38898c3c7d92dc8da8c4b03266f267') in 0.018360 seconds
Number of updated asset objects reloaded before import = 0
Number of asset objects unloaded after import = 2
========================================================================
Received Import Request.
  Time since last request: 0.000018 seconds.
  path: Assets/Audios/impactGlass_medium_004.ogg
  artifactKey: Guid(bc2e3d14811a3bf4f8dfe772cbf88a48) Importer(815301076,1909f56bfc062723c751e8b465ee728b)
Start importing Assets/Audios/impactGlass_medium_004.ogg using Guid(bc2e3d14811a3bf4f8dfe772cbf88a48) Importer(815301076,1909f56bfc062723c751e8b465ee728b)  -> (artifact id: 'cfc4dc22a5d7b57128fc41ea8fdf3a70') in 0.020730 seconds
Number of updated asset objects reloaded before import = 0
Number of asset objects unloaded after import = 2
========================================================================
Received Import Request.
  Time since last request: 0.000025 seconds.
  path: Assets/Audios/impactTin_medium_003.ogg
  artifactKey: Guid(7754ac8402fef9247b00f3292c20bbf2) Importer(815301076,1909f56bfc062723c751e8b465ee728b)
Start importing Assets/Audios/impactTin_medium_003.ogg using Guid(7754ac8402fef9247b00f3292c20bbf2) Importer(815301076,1909f56bfc062723c751e8b465ee728b)  -> (artifact id: '3f3eb16e23eb1d9727d04cff9e59c0de') in 0.019681 seconds
Number of updated asset objects reloaded before import = 0
Number of asset objects unloaded after import = 2
========================================================================
Received Import Request.
  Time since last request: 0.000065 seconds.
  path: Assets/Audios/impactPlate_medium_000.ogg
  artifactKey: Guid(eb585fbed92c634449dfe8c596c54636) Importer(815301076,1909f56bfc062723c751e8b465ee728b)
Start importing Assets/Audios/impactPlate_medium_000.ogg using Guid(eb585fbed92c634449dfe8c596c54636) Importer(815301076,1909f56bfc062723c751e8b465ee728b)  -> (artifact id: '725918c23e7b207fbd8fafbee98fa198') in 0.019799 seconds
Number of updated asset objects reloaded before import = 0
Number of asset objects unloaded after import = 2
========================================================================
Received Import Request.
  Time since last request: 0.000016 seconds.
  path: Assets/Audios/impactSoft_heavy_000.ogg
  artifactKey: Guid(efe732ffe393c7344b8b3067acea052b) Importer(815301076,1909f56bfc062723c751e8b465ee728b)
Start importing Assets/Audios/impactSoft_heavy_000.ogg using Guid(efe732ffe393c7344b8b3067acea052b) Importer(815301076,1909f56bfc062723c751e8b465ee728b)  -> (artifact id: 'c733172474e175e7721aaf83862c6858') in 0.021983 seconds
Number of updated asset objects reloaded before import = 0
Number of asset objects unloaded after import = 2
========================================================================
Received Import Request.
  Time since last request: 0.000020 seconds.
  path: Assets/Audios/footstep_concrete_000.ogg
  artifactKey: Guid(c441bab9f56bde144ab7d80721b8d375) Importer(815301076,1909f56bfc062723c751e8b465ee728b)
Start importing Assets/Audios/footstep_concrete_000.ogg using Guid(c441bab9f56bde144ab7d80721b8d375) Importer(815301076,1909f56bfc062723c751e8b465ee728b)  -> (artifact id: 'b75d933314eee7bdada0d38144ae93f0') in 0.020349 seconds
Number of updated asset objects reloaded before import = 0
Number of asset objects unloaded after import = 2
========================================================================
Received Import Request.
  Time since last request: 0.000023 seconds.
  path: Assets/Audios/impactWood_heavy_000.ogg
  artifactKey: Guid(4a10371941e58724aac978356daaebdb) Importer(815301076,1909f56bfc062723c751e8b465ee728b)
Start importing Assets/Audios/impactWood_heavy_000.ogg using Guid(4a10371941e58724aac978356daaebdb) Importer(815301076,1909f56bfc062723c751e8b465ee728b)  -> (artifact id: '7fa6628b6ea7738628ecb62f22cfdae5') in 0.022137 seconds
Number of updated asset objects reloaded before import = 0
Number of asset objects unloaded after import = 2
========================================================================
Received Import Request.
  Time since last request: 0.000022 seconds.
  path: Assets/Audios/impactWood_medium_000.ogg
  artifactKey: Guid(f27925d64a04a084cada6744001efcff) Importer(815301076,1909f56bfc062723c751e8b465ee728b)
Start importing Assets/Audios/impactWood_medium_000.ogg using Guid(f27925d64a04a084cada6744001efcff) Importer(815301076,1909f56bfc062723c751e8b465ee728b)  -> (artifact id: '593cde31482060510b41a6739e8e3e4e') in 0.017644 seconds
Number of updated asset objects reloaded before import = 0
Number of asset objects unloaded after import = 2
========================================================================
Received Import Request.
  Time since last request: 0.000030 seconds.
  path: Assets/Audios/impactWood_light_001.ogg
  artifactKey: Guid(2880e753a853ec542a2f59457dd1d8dd) Importer(815301076,1909f56bfc062723c751e8b465ee728b)
Start importing Assets/Audios/impactWood_light_001.ogg using Guid(2880e753a853ec542a2f59457dd1d8dd) Importer(815301076,1909f56bfc062723c751e8b465ee728b)  -> (artifact id: 'c1674a42ec342756e16855371603496d') in 0.019867 seconds
Number of updated asset objects reloaded before import = 0
Number of asset objects unloaded after import = 2
========================================================================
Received Import Request.
  Time since last request: 0.000017 seconds.
  path: Assets/Audios/impactTin_medium_000.ogg
  artifactKey: Guid(9b83c86c4b3c5c34ea68f7b6f0921abe) Importer(815301076,1909f56bfc062723c751e8b465ee728b)
Start importing Assets/Audios/impactTin_medium_000.ogg using Guid(9b83c86c4b3c5c34ea68f7b6f0921abe) Importer(815301076,1909f56bfc062723c751e8b465ee728b)  -> (artifact id: 'abce737c2e1dc7018554fe854a7f5187') in 0.026585 seconds
Number of updated asset objects reloaded before import = 0
Number of asset objects unloaded after import = 2
========================================================================
Received Import Request.
  Time since last request: 0.000022 seconds.
  path: Assets/Audios/impactGeneric_light_002.ogg
  artifactKey: Guid(982a64d247673134ca09156332335658) Importer(815301076,1909f56bfc062723c751e8b465ee728b)
Start importing Assets/Audios/impactGeneric_light_002.ogg using Guid(982a64d247673134ca09156332335658) Importer(815301076,1909f56bfc062723c751e8b465ee728b)  -> (artifact id: '146dd796705484ff10406a44916e6ff0') in 0.020415 seconds
Number of updated asset objects reloaded before import = 0
Number of asset objects unloaded after import = 2
========================================================================
Received Import Request.
  Time since last request: 0.000018 seconds.
  path: Assets/Audios/impactSoft_heavy_001.ogg
  artifactKey: Guid(e2c30738c93de244dbdf4547fb5784c9) Importer(815301076,1909f56bfc062723c751e8b465ee728b)
Start importing Assets/Audios/impactSoft_heavy_001.ogg using Guid(e2c30738c93de244dbdf4547fb5784c9) Importer(815301076,1909f56bfc062723c751e8b465ee728b)  -> (artifact id: '8d33e5b6d1965b8e68aee89659a14e56') in 0.018568 seconds
Number of updated asset objects reloaded before import = 0
Number of asset objects unloaded after import = 2
========================================================================
Received Import Request.
  Time since last request: 0.000024 seconds.
  path: Assets/Audios/impactMetal_heavy_001.ogg
  artifactKey: Guid(41b61833ec656e540bfbe41ec907d9a1) Importer(815301076,1909f56bfc062723c751e8b465ee728b)
Start importing Assets/Audios/impactMetal_heavy_001.ogg using Guid(41b61833ec656e540bfbe41ec907d9a1) Importer(815301076,1909f56bfc062723c751e8b465ee728b)  -> (artifact id: 'b26267909c2bea579a757d158dc3338f') in 0.021266 seconds
Number of updated asset objects reloaded before import = 0
Number of asset objects unloaded after import = 2
========================================================================
Received Import Request.
  Time since last request: 0.000034 seconds.
  path: Assets/Audios/footstep_carpet_002.ogg
  artifactKey: Guid(fadeeecbbac647840abcaeba2ac48bbe) Importer(815301076,1909f56bfc062723c751e8b465ee728b)
Start importing Assets/Audios/footstep_carpet_002.ogg using Guid(fadeeecbbac647840abcaeba2ac48bbe) Importer(815301076,1909f56bfc062723c751e8b465ee728b)  -> (artifact id: '0f6f56595948e444310e67301d3de21e') in 0.012401 seconds
Number of updated asset objects reloaded before import = 0
Number of asset objects unloaded after import = 2
========================================================================
Received Import Request.
  Time since last request: 0.000047 seconds.
  path: Assets/Audios/impactPlate_light_001.ogg
  artifactKey: Guid(5bdd1a9084318204e87f7cb255f72f68) Importer(815301076,1909f56bfc062723c751e8b465ee728b)
Start importing Assets/Audios/impactPlate_light_001.ogg using Guid(5bdd1a9084318204e87f7cb255f72f68) Importer(815301076,1909f56bfc062723c751e8b465ee728b)  -> (artifact id: 'f4d2294301708ab0f955f75bf1cbd3fa') in 0.023867 seconds
Number of updated asset objects reloaded before import = 0
Number of asset objects unloaded after import = 2
========================================================================
Received Import Request.
  Time since last request: 0.000024 seconds.
  path: Assets/Audios/impactWood_medium_004.ogg
  artifactKey: Guid(7fd38d74994bbd048bdb0604e2254421) Importer(815301076,1909f56bfc062723c751e8b465ee728b)
Start importing Assets/Audios/impactWood_medium_004.ogg using Guid(7fd38d74994bbd048bdb0604e2254421) Importer(815301076,1909f56bfc062723c751e8b465ee728b)  -> (artifact id: '0403a41bc947e017e6cf123e730754da') in 0.023422 seconds
Number of updated asset objects reloaded before import = 0
Number of asset objects unloaded after import = 2
========================================================================
Received Import Request.
  Time since last request: 0.000041 seconds.
  path: Assets/Audios/footstep_snow_004.ogg
  artifactKey: Guid(a5bb66f33a706b5459105d713884932d) Importer(815301076,1909f56bfc062723c751e8b465ee728b)
Start importing Assets/Audios/footstep_snow_004.ogg using Guid(a5bb66f33a706b5459105d713884932d) Importer(815301076,1909f56bfc062723c751e8b465ee728b)  -> (artifact id: '42c7a5ce40212419a432ab41717fac26') in 0.029283 seconds
Number of updated asset objects reloaded before import = 0
Number of asset objects unloaded after import = 2
========================================================================
Received Import Request.
  Time since last request: 0.000018 seconds.
  path: Assets/Audios/footstep_carpet_004.ogg
  artifactKey: Guid(70e31d705dfd5b748bb2a91bdfa7c9db) Importer(815301076,1909f56bfc062723c751e8b465ee728b)
Start importing Assets/Audios/footstep_carpet_004.ogg using Guid(70e31d705dfd5b748bb2a91bdfa7c9db) Importer(815301076,1909f56bfc062723c751e8b465ee728b)  -> (artifact id: '0c8e3aeced494374f5393583d0e79c0a') in 0.011076 seconds
Number of updated asset objects reloaded before import = 0
Number of asset objects unloaded after import = 2
========================================================================
Received Import Request.
  Time since last request: 0.000043 seconds.
  path: Assets/Audios/impactGlass_light_003.ogg
  artifactKey: Guid(15d8286697503f14fb25653763c3b2f4) Importer(815301076,1909f56bfc062723c751e8b465ee728b)
Start importing Assets/Audios/impactGlass_light_003.ogg using Guid(15d8286697503f14fb25653763c3b2f4) Importer(815301076,1909f56bfc062723c751e8b465ee728b)  -> (artifact id: 'd024711d0e31afa00b2a3794eb548e3e') in 0.024576 seconds
Number of updated asset objects reloaded before import = 0
Number of asset objects unloaded after import = 2
========================================================================
Received Import Request.
  Time since last request: 0.000025 seconds.
  path: Assets/Audios/impactGlass_medium_000.ogg
  artifactKey: Guid(e39745a779b841749aa5a69b5d1c9d94) Importer(815301076,1909f56bfc062723c751e8b465ee728b)
Start importing Assets/Audios/impactGlass_medium_000.ogg using Guid(e39745a779b841749aa5a69b5d1c9d94) Importer(815301076,1909f56bfc062723c751e8b465ee728b)  -> (artifact id: '7f4b80e56330308f95147ea8e9de3d4e') in 0.022742 seconds
Number of updated asset objects reloaded before import = 0
Number of asset objects unloaded after import = 2
========================================================================
Received Import Request.
  Time since last request: 0.000031 seconds.
  path: Assets/Audios/impactGeneric_light_003.ogg
  artifactKey: Guid(32023f137da8404448cd9dba1e1d5807) Importer(815301076,1909f56bfc062723c751e8b465ee728b)
Start importing Assets/Audios/impactGeneric_light_003.ogg using Guid(32023f137da8404448cd9dba1e1d5807) Importer(815301076,1909f56bfc062723c751e8b465ee728b)  -> (artifact id: '3f35434084ddbc95bf67ad546773d969') in 0.022744 seconds
Number of updated asset objects reloaded before import = 0
Number of asset objects unloaded after import = 2
========================================================================
Received Import Request.
  Time since last request: 0.000022 seconds.
  path: Assets/Audios/footstep_grass_002.ogg
  artifactKey: Guid(28b0f05f486abe34897e3119f40057a8) Importer(815301076,1909f56bfc062723c751e8b465ee728b)
Start importing Assets/Audios/footstep_grass_002.ogg using Guid(28b0f05f486abe34897e3119f40057a8) Importer(815301076,1909f56bfc062723c751e8b465ee728b)  -> (artifact id: '4264572e205c7ed911d63c16e9ee6a61') in 0.022161 seconds
Number of updated asset objects reloaded before import = 0
Number of asset objects unloaded after import = 2
========================================================================
Received Import Request.
  Time since last request: 0.000024 seconds.
  path: Assets/Audios/impactMetal_light_000.ogg
  artifactKey: Guid(7dbc203fb54b22144accafcacc1a0183) Importer(815301076,1909f56bfc062723c751e8b465ee728b)
Start importing Assets/Audios/impactMetal_light_000.ogg using Guid(7dbc203fb54b22144accafcacc1a0183) Importer(815301076,1909f56bfc062723c751e8b465ee728b)  -> (artifact id: '6a1ed032ae62dca04b449ea199788d0b') in 0.024184 seconds
Number of updated asset objects reloaded before import = 0
Number of asset objects unloaded after import = 2
========================================================================
Received Import Request.
  Time since last request: 0.000028 seconds.
  path: Assets/Audios/impactGlass_light_000.ogg
  artifactKey: Guid(10700d7c59b2e9f408cdd0d53a832ffb) Importer(815301076,1909f56bfc062723c751e8b465ee728b)
Start importing Assets/Audios/impactGlass_light_000.ogg using Guid(10700d7c59b2e9f408cdd0d53a832ffb) Importer(815301076,1909f56bfc062723c751e8b465ee728b)  -> (artifact id: '7a7aabcbc907e096f47219a7180edce7') in 0.024941 seconds
Number of updated asset objects reloaded before import = 0
Number of asset objects unloaded after import = 2
========================================================================
Received Import Request.
  Time since last request: 0.000056 seconds.
  path: Assets/Audios/footstep_concrete_003.ogg
  artifactKey: Guid(0b7a20db38030934f87ef185c5c7eb20) Importer(815301076,1909f56bfc062723c751e8b465ee728b)
Start importing Assets/Audios/footstep_concrete_003.ogg using Guid(0b7a20db38030934f87ef185c5c7eb20) Importer(815301076,1909f56bfc062723c751e8b465ee728b)  -> (artifact id: '497153b947e938177c82569e47ba1b28') in 0.022950 seconds
Number of updated asset objects reloaded before import = 0
Number of asset objects unloaded after import = 2
========================================================================
Received Import Request.
  Time since last request: 0.000025 seconds.
  path: Assets/Audios/impactTin_medium_004.ogg
  artifactKey: Guid(50d73deb79f92c34f990ebdc35d101cb) Importer(815301076,1909f56bfc062723c751e8b465ee728b)
Start importing Assets/Audios/impactTin_medium_004.ogg using Guid(50d73deb79f92c34f990ebdc35d101cb) Importer(815301076,1909f56bfc062723c751e8b465ee728b)  -> (artifact id: '630defc0ee5939e2833564cfca778612') in 0.024907 seconds
Number of updated asset objects reloaded before import = 0
Number of asset objects unloaded after import = 2
========================================================================
Received Import Request.
  Time since last request: 0.000047 seconds.
  path: Assets/Audios/impactPlate_light_000.ogg
  artifactKey: Guid(97f0df1d7ee2c914383ca89c3e0e802b) Importer(815301076,1909f56bfc062723c751e8b465ee728b)
Start importing Assets/Audios/impactPlate_light_000.ogg using Guid(97f0df1d7ee2c914383ca89c3e0e802b) Importer(815301076,1909f56bfc062723c751e8b465ee728b)  -> (artifact id: 'd85cc81fcf5a1652620daf2364449a38') in 0.022253 seconds
Number of updated asset objects reloaded before import = 0
Number of asset objects unloaded after import = 2
Editor requested this worker to shutdown with reason: Scaling down because of idle timeout
TcpMessagingSession - receive error: operation aborted. errorcode: 995, details: I/O-toiminto keskeytettiin joko säikeen poistumisen tai sovelluksen pyynnön vuoksi.
AssetImportWorker is now disconnected from the server
Process exiting
Exiting without the bug reporter. Application will terminate with return code 0